#
# A fatal error has been detected by the Java Runtime Environment:
#
#  EXCEPTION_ACCESS_VIOLATION (0xc0000005) at pc=0x0000024dbc954883, pid=32272, tid=12312
#
# JRE version: OpenJDK Runtime Environment Temurin-25.0.1+8 (25.0.1+8) (build 25.0.1+8-LTS)
# Java VM: OpenJDK 64-Bit Server VM Temurin-25.0.1+8 (25.0.1+8-LTS, mixed mode, sharing, tiered, compressed oops, compressed class ptrs, g1 gc, windows-amd64)
# Problematic frame:
# j  java.lang.invoke.DirectMethodHandle$Holder.newInvokeSpecial(Ljava/lang/Object;)Ljava/lang/Object;+15 java.base@25.0.1
#
# No core dump will be written. Minidumps are not enabled by default on client versions of Windows
#
# If you would like to submit a bug report, please visit:
#   https://github.com/adoptium/adoptium-support/issues
#

---------------  S U M M A R Y ------------

Command Line: -XX:+ShowCodeDetailsInExceptionMessages -agentlib:jdwp=transport=dt_socket,suspend=y,address=localhost:64321 -ea -javaagent:C:\Users\nasji\Downloads\spring-tools-for-eclipse-5.0.1.RELEASE-e4.38.0-win32.win32.x86_64\sts-5.0.1.RELEASE\configuration\org.eclipse.osgi\280\0\.cp\lib\javaagent-shaded.jar -Dfile.encoding=UTF-8 -Dstdout.encoding=UTF-8 -Dstderr.encoding=UTF-8 org.eclipse.jdt.internal.junit.runner.RemoteTestRunner -version 3 -port 64320 -testLoaderClass org.eclipse.jdt.internal.junit5.runner.JUnit5TestLoader -loaderpluginname org.eclipse.jdt.junit5.runtime -classNames com.example.clientservice.service.ClientIntegrationTest

Host: Intel(R) Core(TM) 5 120U, 12 cores, 15G,  Windows 11 , 64 bit Build 26100 (10.0.26100.8246)
Time: Tue May  5 12:27:36 2026 elapsed time: 148.761345 seconds (0d 0h 2m 28s)

---------------  T H R E A D  ---------------

Current thread (0x0000024db16f4ee0):  JavaThread "main"             [_thread_in_Java, id=12312, stack(0x00000089d7500000,0x00000089d7600000) (1024K)]

Stack: [0x00000089d7500000,0x00000089d7600000],  sp=0x00000089d75fce10,  free space=1011k
Native frames: (J=compiled Java code, j=interpreted, Vv=VM code, C=native code)
C  0x0000024dbc954883  (no source info available)

The last pc belongs to invokestatic (printed below).

siginfo: EXCEPTION_ACCESS_VIOLATION (0xc0000005), reading address 0xffffffffffffffff


Registers:
RAX=0x0000024dcd661738, RBX=0x0000024dcd02ca60, RCX=0x000000001f027358, RDX=0x0000000000000002
RSP=0x00000089d75fce10, RBP=0x00000089d75fce68, RSI=0x0000024dd1c637f8, RDI=0x0000024dd1d16c20
R8 =0x0000000000000001, R9 =0x0000024daf392da0, R10=0x00007ffa87bd6810, R11=0x0000000000000002
R12=0x0000000000000000, R13=0xfffffffffffffff7, R14=0x00000089d75fce88, R15=0x0000024db16f4ee0
RIP=0x0000024dbc954883, EFLAGS=0x0000000000010282

XMM[0]=0x0000000000000000 0x0000000000000000
XMM[1]=0x0000000000000000 0x0000000000000000
XMM[2]=0x0000000000000000 0x0000000000000000
XMM[3]=0x0000000000000000 0x0000000000000000
XMM[4]=0x0000000000000000 0x0000000000000000
XMM[5]=0x0000000000000000 0x0000000000000000
XMM[6]=0x7dd7bc017dd7bc01 0x7dd7bc017dd7bc01
XMM[7]=0x294fe48100acab9f 0x14e8c84188303fdf
XMM[8]=0x0c98f5818685ba9f 0x4a319941fc018edf
XMM[9]=0xee830681e1ddc99f 0x59db6a41e191dddf
XMM[10]=0x000e178101b4d89f 0x34e63b4167e12cdf
XMM[11]=0x28686c0ff20355c7 0xef63a26644bc27c3
XMM[12]=0x4ddc88e0baf05e4b 0x0f4628d0b60c58de
XMM[13]=0x0000000000000000 0x0000000000000000
XMM[14]=0x0000000000000000 0x0000000000000000
XMM[15]=0x0000000000000000 0x0000000000000000
  MXCSR=0x00001fa0


Register to memory mapping:

RAX=0x0000024dcd661738 is pointing into metadata
RBX={method} {0x0000024dcd02ca68} 'linkToSpecial' '(Ljava/lang/Object;Ljava/lang/invoke/MemberName;)V' in 'java/lang/invoke/MethodHandle'
RCX=0x000000001f027358 is pointing into metadata
RDX=0x0000000000000002 is an unknown value
RSP=0x00000089d75fce10 is pointing into the stack for thread: 0x0000024db16f4ee0
RBP=0x00000089d75fce68 is pointing into the stack for thread: 0x0000024db16f4ee0
RSI=0x0000024dd1c637f8 points into unknown readable memory: 0x88000900fb48716a | 6a 71 48 fb 00 09 00 88
RDI=0x0000024dd1d16c20 points into unknown readable memory: 0x0000001800000070 | 70 00 00 00 18 00 00 00
R8 =0x0000000000000001 is an unknown value
R9 =0x0000024daf392da0 points into unknown readable memory: 0x0000004000000001 | 01 00 00 00 40 00 00 00
R10=0x00007ffa87bd6810 jvm.dll
R11=0x0000000000000002 is an unknown value
R12=0x0 is null
R13=0xfffffffffffffff7 is an unknown value
R14=0x00000089d75fce88 is pointing into the stack for thread: 0x0000024db16f4ee0
R15=0x0000024db16f4ee0 is a thread

Top of Stack: (sp=0x00000089d75fce10)
0x00000089d75fce10:   0000024dbc93946c 0000000712f9ec18   l...M...........
0x00000089d75fce20:   fffffffffffffff7 000000001f841e5f   ........_.......
0x00000089d75fce30:   0000000000000004 000000001f213798   .........7!.....
0x00000089d75fce40:   0000024dcd661730 00000007ffe9afe0   0.f.M...........
0x00000089d75fce50:   000000001f2154b8 0000000000000000   .T!.............
0x00000089d75fce60:   00000089d75fce90 00000089d75fd140   .._.....@._.....
0x00000089d75fce70:   0000024db574ce83 0000000712f9eb70   ..t.M...p.......
0x00000089d75fce80:   0000000712f9ec18 0000000712f9ebd0   ................
0x00000089d75fce90:   0000024dbc939999 0000000712f9ec00   ....M...........
0x00000089d75fcea0:   0000000000000000 fffffffffffffff7   ................
0x00000089d75fceb0:   000000001f7a1050 0000000000000004   P.z.............
0x00000089d75fcec0:   000000001f1bdb78 0000000000000000   x...............
0x00000089d75fced0:   00000007ffe819c8 000000001f1becc0   ................
0x00000089d75fcee0:   0000000000000000 00000089d75fcf08   .........._.....
0x00000089d75fcef0:   00000089d75fcf60 0000024dbc93946c   `._.....l...M...
0x00000089d75fcf00:   0000000000000000 0000000712f9ec00   ................
0x00000089d75fcf10:   000000071289e670 fffffffffffffff7   p...............
0x00000089d75fcf20:   000000001f7a1060 0000000000000004   `.z.............
0x00000089d75fcf30:   000000001f1bdb78 0000000000000000   x...............
0x00000089d75fcf40:   0000000712f9ec00 0000000712f68c00   ................
0x00000089d75fcf50:   0000000000000000 00000089d75fcf78   ........x._.....
0x00000089d75fcf60:   00000089d75fcfd0 0000024dbc93946c   .._.....l...M...
0x00000089d75fcf70:   000000071289e670 0000000712f9ec00   p...............
0x00000089d75fcf80:   0000000712f9ebd0 fffffffffffffff7   ................
0x00000089d75fcf90:   000000001f7a0f8e 0000000000000004   ..z.............
0x00000089d75fcfa0:   000000001f1bdb78 0000024dcd656630   x.......0fe.M...
0x00000089d75fcfb0:   00000007ffe819c8 000000001f1bec10   ................
0x00000089d75fcfc0:   0000000000000000 00000089d75fd000   .........._.....
0x00000089d75fcfd0:   00000089d75fd140 0000024db574eebc   @._.......t.M...
0x00000089d75fcfe0:   0000000712f9ec00 0000024db574bf94   ..........t.M...
0x00000089d75fcff0:   00000089d75fd140 0000024db574f04a   @._.....J.t.M...
0x00000089d75fd000:   0000000000000000 00000089d75fd020   ........ ._.....

Instructions: (pc=0x0000024dbc954883)
  0x0000024dbc954783:   87 fa 7f 00 00 ff d0 48 83 c4 20 ff e0 49 83 7f
  0x0000024dbc954793:   08 00 0f 84 05 00 00 00 e9 40 ca fd ff 4c 8b 6d
  0x0000024dbc9547a3:   c0 4c 8b 75 c8 4e 8d 74 f5 00 c3 48 8b 4d d0 41
  0x0000024dbc9547b3:   0f b7 55 01 48 8b 49 38 6b d2 18 48 8d 4c 11 08
  0x0000024dbc9547c3:   48 8b 19 48 8b 5b 08 48 8b 5b 08 48 8b 5b 18 80
  0x0000024dbc9547d3:   bb 30 01 00 00 04 0f 84 0d 00 00 00 4c 3b bb 38
  0x0000024dbc9547e3:   01 00 00 0f 85 63 fe ff ff 0f b6 51 15 48 8b 19
  0x0000024dbc9547f3:   4c 89 6d c0 44 8b ea 0f b6 51 14 49 ba 10 68 bd
  0x0000024dbc954803:   87 fa 7f 00 00 49 8b 14 d2 52 41 8b d5 4c 8b 6d
  0x0000024dbc954813:   c0 48 8b 45 d8 48 85 c0 0f 84 0d 00 00 00 48 83
  0x0000024dbc954823:   40 08 01 48 83 c0 10 48 89 45 d8 48 8b 45 d8 48
  0x0000024dbc954833:   85 c0 0f 84 35 01 00 00 80 78 f0 0a 0f 85 2b 01
  0x0000024dbc954843:   00 00 48 83 c0 08 4c 8b 68 f8 41 83 ed 00 41 83
  0x0000024dbc954853:   fd 02 0f 8c 0a 01 00 00 4c 8b 6b 08 45 0f b7 6d
  0x0000024dbc954863:   2e 4c 2b 28 41 83 ed 01 4e 8b 6c ec 08 4d 85 ed
  0x0000024dbc954873:   75 0e f6 40 08 01 75 54 f0 48 83 48 08 01 eb 4c
=>0x0000024dbc954883:   45 8b 6d 08 41 ba 00 00 00 1f 4d 03 ea 4d 8b d5
  0x0000024dbc954893:   4c 33 68 08 49 f7 c5 fc ff ff ff 74 2f 41 f6 c5
  0x0000024dbc9548a3:   02 75 29 48 83 78 08 00 74 1e 48 83 78 08 01 74
  0x0000024dbc9548b3:   17 4d 8b ea 4c 33 68 08 49 f7 c5 fc ff ff ff 74
  0x0000024dbc9548c3:   0b 48 83 48 08 02 eb 04 4c 89 68 08 48 83 c0 10
  0x0000024dbc9548d3:   4c 8b 68 e8 41 83 ed 02 41 83 fd 02 0f 8c 80 00
  0x0000024dbc9548e3:   00 00 4c 8b 6b 08 45 0f b7 6d 2e 4c 2b 28 41 83
  0x0000024dbc9548f3:   ed 01 4e 8b 6c ec 08 4d 85 ed 75 0e f6 40 08 01
  0x0000024dbc954903:   75 54 f0 48 83 48 08 01 eb 4c 45 8b 6d 08 41 ba
  0x0000024dbc954913:   00 00 00 1f 4d 03 ea 4d 8b d5 4c 33 68 08 49 f7
  0x0000024dbc954923:   c5 fc ff ff ff 74 2f 41 f6 c5 02 75 29 48 83 78
  0x0000024dbc954933:   08 00 74 1e 48 83 78 08 01 74 17 4d 8b ea 4c 33
  0x0000024dbc954943:   68 08 49 f7 c5 fc ff ff ff 74 0b 48 83 48 08 02
  0x0000024dbc954953:   eb 04 4c 89 68 08 48 83 c0 10 4c 8b 68 d8 41 83
  0x0000024dbc954963:   ed 04 41 c1 e5 03 49 03 c5 48 89 45 d8 4c 8d 6c
  0x0000024dbc954973:   24 08 49 8b cd 48 2b cd 48 c1 f9 03 48 89 4d f0


Stack slot to memory mapping:

stack at sp + 0 slots: 0x0000024dbc93946c is at code_begin+3468 in an Interpreter codelet
return entry points  [0x0000024dbc9386e0, 0x0000024dbc93a8c8]  8680 bytes
stack at sp + 1 slots: 0x0000000712f9ec18 is an oop: com.example.clientservice.service.ClientIntegrationTest 
{0x0000000712f9ec18} - klass: 'com/example/clientservice/service/ClientIntegrationTest' - flags: 

 - ---- fields (total size 3 words):
 - private 'port' 'I' @12  0 (0x00000000)
 - private 'restTemplate' 'Lorg/springframework/boot/test/web/client/TestRestTemplate;' @16  null (0x00000000)
stack at sp + 2 slots: 0xfffffffffffffff7 is an unknown value
stack at sp + 3 slots: 0x000000001f841e5f is pointing into metadata
stack at sp + 4 slots: 0x0000000000000004 is an unknown value
stack at sp + 5 slots: 0x000000001f213798 is pointing into metadata
stack at sp + 6 slots: 0x0000024dcd661730 is pointing into metadata
stack at sp + 7 slots: 0x00000007ffe9afe0 is an oop: java.lang.Class 
{0x00000007ffe9afe0} - klass: 'java/lang/Class' - flags: 

 - ---- fields (total size 15 words):
 - private volatile transient 'classRedefinedCount' 'I' @12  0 (0x00000000)
 - injected 'klass' 'J' @16  522270088 (0x000000001f213588)
 - injected 'array_klass' 'J' @24  0 (0x0000000000000000)
 - injected 'oop_size' 'I' @32  15 (0x0000000f)
 - injected 'static_oop_field_count' 'I' @36  0 (0x00000000)
 - private final transient 'modifiers' 'C' @40    16 (0x0010)
 - private final transient 'primitive' 'Z' @42  false (0x00)
 - private volatile transient 'cachedConstructor' 'Ljava/lang/reflect/Constructor;' @44  null (0x00000000)
 - private transient 'name' 'Ljava/lang/String;' @48  null (0x00000000)
 - private transient 'module' 'Ljava/lang/Module;' @52  a 'java/lang/Module'{0x0000000712824dd8} (0xe25049bb)
 - private final 'classLoader' 'Ljava/lang/ClassLoader;' @56  null (0x00000000)
 - private transient 'classData' 'Ljava/lang/Object;' @60  null (0x00000000)
 - private transient 'signers' '[Ljava/lang/Object;' @64  null (0x00000000)
 - private transient 'packageName' 'Ljava/lang/String;' @68  null (0x00000000)
 - private final transient 'componentType' 'Ljava/lang/Class;' @72  null (0x00000000)
 - private final transient 'protectionDomain' 'Ljava/security/ProtectionDomain;' @76  null (0x00000000)
 - private volatile transient 'reflectionData' 'Ljava/lang/ref/SoftReference;' @80  null (0x00000000)
 - private volatile transient 'genericInfo' 'Lsun/reflect/generics/repository/ClassRepository;' @84  null (0x00000000)
 - private volatile transient 'enumConstants' '[Ljava/lang/Object;' @88  null (0x00000000)
 - private volatile transient 'enumConstantDirectory' 'Ljava/util/Map;' @92  null (0x00000000)
 - private volatile transient 'annotationData' 'Ljava/lang/Class$AnnotationData;' @96  null (0x00000000)
 - private volatile transient 'annotationType' 'Lsun/reflect/annotation/AnnotationType;' @100  null (0x00000000)
 - transient 'classValueMap' 'Ljava/lang/ClassValue$ClassValueMap;' @104  null (0x00000000)
 - injected 'source_file' 'Ljava/lang/Object;' @108  null (0x00000000)
 - injected '<init_lock>' 'Ljava/lang/Object;' @112  null (0x00000000)
 - signature: Ljava/lang/invoke/DirectMethodHandle$Holder;
 - ---- static fields (0):

Lock stack of current Java thread (top to bottom):

invokestatic  184 invokestatic  [0x0000024dbc954600, 0x0000024dbc954998]  920 bytes
[MachCode]
  0x0000024dbc954600: 4883 ec08 | c5fa 1104 | 24eb 1f48 | 83ec 10c5 | fb11 0424 | eb14 4883 | ec10 4889 | 0424 48c7 
  0x0000024dbc954620: 4424 0800 | 0000 00eb | 0150 488b | 4dd0 410f | b755 0148 | 8b49 386b | d218 488d | 4c11 080f 
  0x0000024dbc954640: b659 1681 | fbb8 0000 | 000f 8474 | 0100 00bb | b800 0000 | e805 0000 | 00e9 5001 | 0000 488b 
  0x0000024dbc954660: d348 8d44 | 2408 4c89 | 6dc0 498b | cfc5 f877 | 4989 af38 | 0400 0049 | 8987 2804 | 0000 4883 
  0x0000024dbc954680: ec20 40f6 | c40f 0f84 | 1900 0000 | 4883 ec08 | 48b8 0059 | 2087 fa7f | 0000 ffd0 | 4883 c408 
  0x0000024dbc9546a0: e90c 0000 | 0048 b800 | 5920 87fa | 7f00 00ff | d048 83c4 | 2049 c787 | 2804 0000 | 0000 0000 
  0x0000024dbc9546c0: 49c7 8738 | 0400 0000 | 0000 0049 | c787 3004 | 0000 0000 | 0000 c5f8 | 7741 8b8f | b405 0000 
  0x0000024dbc9546e0: f6c1 010f | 8442 0000 | 00f6 c102 | 0f85 3900 | 0000 4883 | ec20 40f6 | c40f 0f84 | 1900 0000 
  0x0000024dbc954700: 4883 ec08 | 48b8 f0fd | 1f87 fa7f | 0000 ffd0 | 4883 c408 | e90c 0000 | 0048 b8f0 | fd1f 87fa 
  0x0000024dbc954720: 7f00 00ff | d048 83c4 | 20ff e049 | 8b8f 7806 | 0000 4885 | c90f 8455 | 0000 008b | 899c 0000 
  0x0000024dbc954740: 0083 f901 | 0f85 4600 | 0000 498b | 8f78 0600 | 008b 89a0 | 0000 0048 | 83ec 2040 | f6c4 0f0f 
  0x0000024dbc954760: 8419 0000 | 0048 83ec | 0848 b8e0 | fd1f 87fa | 7f00 00ff | d048 83c4 | 08e9 0c00 | 0000 48b8 
  0x0000024dbc954780: e0fd 1f87 | fa7f 0000 | ffd0 4883 | c420 ffe0 | 4983 7f08 | 000f 8405 | 0000 00e9 | 40ca fdff 
  0x0000024dbc9547a0: 4c8b 6dc0 | 4c8b 75c8 | 4e8d 74f5 | 00c3 488b | 4dd0 410f | b755 0148 | 8b49 386b | d218 488d 
  0x0000024dbc9547c0: 4c11 0848 | 8b19 488b | 5b08 488b | 5b08 488b | 5b18 80bb | 3001 0000 | 040f 840d | 0000 004c 
  0x0000024dbc9547e0: 3bbb 3801 | 0000 0f85 | 63fe ffff | 0fb6 5115 | 488b 194c | 896d c044 | 8bea 0fb6 | 5114 49ba 
  0x0000024dbc954800: 1068 bd87 | fa7f 0000 | 498b 14d2 | 5241 8bd5 | 4c8b 6dc0 | 488b 45d8 | 4885 c00f | 840d 0000 
  0x0000024dbc954820: 0048 8340 | 0801 4883 | c010 4889 | 45d8 488b | 45d8 4885 | c00f 8435 | 0100 0080 | 78f0 0a0f 
  0x0000024dbc954840: 852b 0100 | 0048 83c0 | 084c 8b68 | f841 83ed | 0041 83fd | 020f 8c0a | 0100 004c | 8b6b 0845 
  0x0000024dbc954860: 0fb7 6d2e | 4c2b 2841 | 83ed 014e | 8b6c ec08 | 4d85 ed75 | 0ef6 4008 | 0175 54f0 | 4883 4808 
  0x0000024dbc954880: 01eb 4c45 | 8b6d 0841 | ba00 0000 | 1f4d 03ea | 4d8b d54c | 3368 0849 | f7c5 fcff | ffff 742f 
  0x0000024dbc9548a0: 41f6 c502 | 7529 4883 | 7808 0074 | 1e48 8378 | 0801 7417 | 4d8b ea4c | 3368 0849 | f7c5 fcff 
  0x0000024dbc9548c0: ffff 740b | 4883 4808 | 02eb 044c | 8968 0848 | 83c0 104c | 8b68 e841 | 83ed 0241 | 83fd 020f 
  0x0000024dbc9548e0: 8c80 0000 | 004c 8b6b | 0845 0fb7 | 6d2e 4c2b | 2841 83ed | 014e 8b6c | ec08 4d85 | ed75 0ef6 
  0x0000024dbc954900: 4008 0175 | 54f0 4883 | 4808 01eb | 4c45 8b6d | 0841 ba00 | 0000 1f4d | 03ea 4d8b | d54c 3368 
  0x0000024dbc954920: 0849 f7c5 | fcff ffff | 742f 41f6 | c502 7529 | 4883 7808 | 0074 1e48 | 8378 0801 | 7417 4d8b 
  0x0000024dbc954940: ea4c 3368 | 0849 f7c5 | fcff ffff | 740b 4883 | 4808 02eb | 044c 8968 | 0848 83c0 | 104c 8b68 
  0x0000024dbc954960: d841 83ed | 0441 c1e5 | 0349 03c5 | 4889 45d8 | 4c8d 6c24 | 0849 8bcd | 482b cd48 | c1f9 0348 
  0x0000024dbc954980: 894d f041 | 80bf 8006 | 0000 0074 | 03ff 6338 | ff63 500f | 1f44 0000 
[/MachCode]

---------------  P R O C E S S  ---------------

Threads class SMR info:
_java_thread_list=0x0000024dd2a942c0, length=15, elements={
0x0000024db16f4ee0, 0x0000024dc9ad70c0, 0x0000024dc9ad7880, 0x0000024dc9adc6c0,
0x0000024dc9ade3e0, 0x0000024dc9ae1750, 0x0000024dc9ae2ab0, 0x0000024dc9aea3e0,
0x0000024dcc5c1900, 0x0000024dcc74dd10, 0x0000024dcc76f230, 0x0000024dcc774f90,
0x0000024dcc7b4780, 0x0000024dd1986700, 0x0000024dd1afb900
}

Java Threads: ( => current thread )
=>0x0000024db16f4ee0 JavaThread "main"                              [_thread_in_Java, id=12312, stack(0x00000089d7500000,0x00000089d7600000) (1024K)]
  0x0000024dc9ad70c0 JavaThread "Reference Handler"          daemon [_thread_blocked, id=26296, stack(0x00000089d7d00000,0x00000089d7e00000) (1024K)]
  0x0000024dc9ad7880 JavaThread "Finalizer"                  daemon [_thread_blocked, id=20492, stack(0x00000089d7e00000,0x00000089d7f00000) (1024K)]
  0x0000024dc9adc6c0 JavaThread "Signal Dispatcher"          daemon [_thread_blocked, id=12024, stack(0x00000089d7f00000,0x00000089d8000000) (1024K)]
  0x0000024dc9ade3e0 JavaThread "Attach Listener"            daemon [_thread_blocked, id=1688, stack(0x00000089d8000000,0x00000089d8100000) (1024K)]
  0x0000024dc9ae1750 JavaThread "Service Thread"             daemon [_thread_blocked, id=6376, stack(0x00000089d8100000,0x00000089d8200000) (1024K)]
  0x0000024dc9ae2ab0 JavaThread "Monitor Deflation Thread"   daemon [_thread_blocked, id=11964, stack(0x00000089d8200000,0x00000089d8300000) (1024K)]
  0x0000024dc9aea3e0 JavaThread "C2 CompilerThread0"         daemon [_thread_blocked, id=18840, stack(0x00000089d8300000,0x00000089d8400000) (1024K)]
  0x0000024dcc5c1900 JavaThread "C1 CompilerThread0"         daemon [_thread_blocked, id=8860, stack(0x00000089d8400000,0x00000089d8500000) (1024K)]
  0x0000024dcc74dd10 JavaThread "JDWP Transport Listener: dt_socket" daemon [_thread_blocked, id=32048, stack(0x00000089d8500000,0x00000089d8600000) (1024K)]
  0x0000024dcc76f230 JavaThread "JDWP Event Helper Thread"   daemon [_thread_blocked, id=23156, stack(0x00000089d8600000,0x00000089d8700000) (1024K)]
  0x0000024dcc774f90 JavaThread "JDWP Command Reader"        daemon [_thread_in_native, id=7484, stack(0x00000089d8700000,0x00000089d8800000) (1024K)]
  0x0000024dcc7b4780 JavaThread "Common-Cleaner"             daemon [_thread_blocked, id=23832, stack(0x00000089d8800000,0x00000089d8900000) (1024K)]
  0x0000024dd1986700 JavaThread "Notification Thread"        daemon [_thread_blocked, id=6928, stack(0x00000089d8a00000,0x00000089d8b00000) (1024K)]
  0x0000024dd1afb900 JavaThread "ReaderThread"                      [_thread_in_native, id=27980, stack(0x00000089d8b00000,0x00000089d8c00000) (1024K)]
Total: 15

Other Threads:
  0x0000024dc9ac67f0 VMThread "VM Thread"                           [id=23304, stack(0x00000089d7c00000,0x00000089d7d00000) (1024K)]
  0x0000024dc9aba430 WatcherThread "VM Periodic Task Thread"        [id=13300, stack(0x00000089d7b00000,0x00000089d7c00000) (1024K)]
  0x0000024db175d430 WorkerThread "GC Thread#0"                     [id=23660, stack(0x00000089d7600000,0x00000089d7700000) (1024K)]
  0x0000024dd1dcce80 WorkerThread "GC Thread#1"                     [id=27536, stack(0x00000089d8c00000,0x00000089d8d00000) (1024K)]
  0x0000024dd1dcd2b0 WorkerThread "GC Thread#2"                     [id=22036, stack(0x00000089d8d00000,0x00000089d8e00000) (1024K)]
  0x0000024dd1d38b00 WorkerThread "GC Thread#3"                     [id=26032, stack(0x00000089d8e00000,0x00000089d8f00000) (1024K)]
  0x0000024dd1d38f30 WorkerThread "GC Thread#4"                     [id=16224, stack(0x00000089d8f00000,0x00000089d9000000) (1024K)]
  0x0000024dd1d72380 WorkerThread "GC Thread#5"                     [id=31092, stack(0x00000089d9000000,0x00000089d9100000) (1024K)]
  0x0000024dd1d74600 WorkerThread "GC Thread#6"                     [id=22520, stack(0x00000089d9100000,0x00000089d9200000) (1024K)]
  0x0000024dc99534a0 ConcurrentGCThread "G1 Main Marker"            [id=32448, stack(0x00000089d7700000,0x00000089d7800000) (1024K)]
  0x0000024db17730d0 WorkerThread "G1 Conc#0"                       [id=15660, stack(0x00000089d7800000,0x00000089d7900000) (1024K)]
  0x0000024dc998cf90 ConcurrentGCThread "G1 Refine#0"               [id=5568, stack(0x00000089d7900000,0x00000089d7a00000) (1024K)]
  0x0000024dc998dba0 ConcurrentGCThread "G1 Service"                [id=8456, stack(0x00000089d7a00000,0x00000089d7b00000) (1024K)]
Total: 13

Threads with active compile tasks:
Total: 0

VM state: not at safepoint (normal execution)

VM Mutex/Monitor currently owned by a thread: None

Heap address: 0x0000000706000000, size: 4000 MB, Compressed Oops mode: Zero based, Oop shift amount: 3

CDS archive(s) mapped at: [0x000000001f000000-0x000000001fdc0000-0x000000001fdc0000), size 14417920, SharedBaseAddress: 0x000000001f000000, ArchiveRelocationMode: 1.
Compressed class space mapped at: 0x0000000020000000-0x0000000060000000, reserved size: 1073741824
UseCompressedClassPointers 1, UseCompactObjectHeaders 0
Narrow klass pointer bits 32, Max shift 3
Narrow klass base: 0x000000001f000000, Narrow klass shift: 0
Encoding Range: [0x000000001f000000 - 0x000000011f000000), (4294967296 bytes)
Klass Range:    [0x000000001f010000 - 0x0000000060000000), (1090453504 bytes)
Klass ID Range:  [65536 - 1090519033) (1090453497)
Protection zone: [0x000000001f000000 - 0x000000001f010000), (65536 bytes)

GC Precious Log:
 CardTable entry size: 512
 Card Set container configuration: InlinePtr #cards 4 size 8 Array Of Cards #cards 16 size 48 Howl #buckets 8 coarsen threshold 3686 Howl Bitmap #cards 512 size 80 coarsen threshold 460 Card regions per heap region 1 cards per card region 4096
 CPUs: 12 total, 12 available
 Memory: 15999M
 Large Page Support: Disabled
 NUMA Support: Disabled
 Compressed Oops: Enabled (Zero based)
 Heap Region Size: 2M
 Heap Min Capacity: 8M
 Heap Initial Capacity: 250M
 Heap Max Capacity: 4000M
 Pre-touch: Disabled
 Parallel Workers: 10
 Concurrent Workers: 3
 Concurrent Refinement Workers: 10
 Periodic GC: Disabled

Heap:
 garbage-first heap   total reserved 4096000K, committed 258048K, used 51623K [0x0000000706000000, 0x0000000800000000)
  region size 2048K, 25 young (51200K), 3 survivors (6144K)

Heap Regions: E=young(eden), S=young(survivor), O=old, HS=humongous(starts), HC=humongous(continues), CS=collection set, F=free, TAMS=top-at-mark-start, PB=parsable bottom
|   0|0x0000000706000000, 0x0000000706147220, 0x0000000706200000| 63%| O|  |TAMS 0x0000000706000000| PB 0x0000000706000000| Untracked |  0
|   1|0x0000000706200000, 0x0000000706200000, 0x0000000706400000|  0%| F|  |TAMS 0x0000000706200000| PB 0x0000000706200000| Untracked |  0
|   2|0x0000000706400000, 0x0000000706400000, 0x0000000706600000|  0%| F|  |TAMS 0x0000000706400000| PB 0x0000000706400000| Untracked |  0
|   3|0x0000000706600000, 0x0000000706600000, 0x0000000706800000|  0%| F|  |TAMS 0x0000000706600000| PB 0x0000000706600000| Untracked |  0
|   4|0x0000000706800000, 0x0000000706800000, 0x0000000706a00000|  0%| F|  |TAMS 0x0000000706800000| PB 0x0000000706800000| Untracked |  0
|   5|0x0000000706a00000, 0x0000000706a00000, 0x0000000706c00000|  0%| F|  |TAMS 0x0000000706a00000| PB 0x0000000706a00000| Untracked |  0
|   6|0x0000000706c00000, 0x0000000706c00000, 0x0000000706e00000|  0%| F|  |TAMS 0x0000000706c00000| PB 0x0000000706c00000| Untracked |  0
|   7|0x0000000706e00000, 0x0000000706e00000, 0x0000000707000000|  0%| F|  |TAMS 0x0000000706e00000| PB 0x0000000706e00000| Untracked |  0
|   8|0x0000000707000000, 0x0000000707000000, 0x0000000707200000|  0%| F|  |TAMS 0x0000000707000000| PB 0x0000000707000000| Untracked |  0
|   9|0x0000000707200000, 0x0000000707200000, 0x0000000707400000|  0%| F|  |TAMS 0x0000000707200000| PB 0x0000000707200000| Untracked |  0
|  10|0x0000000707400000, 0x0000000707400000, 0x0000000707600000|  0%| F|  |TAMS 0x0000000707400000| PB 0x0000000707400000| Untracked |  0
|  11|0x0000000707600000, 0x0000000707600000, 0x0000000707800000|  0%| F|  |TAMS 0x0000000707600000| PB 0x0000000707600000| Untracked |  0
|  12|0x0000000707800000, 0x0000000707800000, 0x0000000707a00000|  0%| F|  |TAMS 0x0000000707800000| PB 0x0000000707800000| Untracked |  0
|  13|0x0000000707a00000, 0x0000000707a00000, 0x0000000707c00000|  0%| F|  |TAMS 0x0000000707a00000| PB 0x0000000707a00000| Untracked |  0
|  14|0x0000000707c00000, 0x0000000707c00000, 0x0000000707e00000|  0%| F|  |TAMS 0x0000000707c00000| PB 0x0000000707c00000| Untracked |  0
|  15|0x0000000707e00000, 0x0000000707e00000, 0x0000000708000000|  0%| F|  |TAMS 0x0000000707e00000| PB 0x0000000707e00000| Untracked |  0
|  16|0x0000000708000000, 0x0000000708000000, 0x0000000708200000|  0%| F|  |TAMS 0x0000000708000000| PB 0x0000000708000000| Untracked |  0
|  17|0x0000000708200000, 0x0000000708200000, 0x0000000708400000|  0%| F|  |TAMS 0x0000000708200000| PB 0x0000000708200000| Untracked |  0
|  18|0x0000000708400000, 0x0000000708400000, 0x0000000708600000|  0%| F|  |TAMS 0x0000000708400000| PB 0x0000000708400000| Untracked |  0
|  19|0x0000000708600000, 0x0000000708600000, 0x0000000708800000|  0%| F|  |TAMS 0x0000000708600000| PB 0x0000000708600000| Untracked |  0
|  20|0x0000000708800000, 0x0000000708800000, 0x0000000708a00000|  0%| F|  |TAMS 0x0000000708800000| PB 0x0000000708800000| Untracked |  0
|  21|0x0000000708a00000, 0x0000000708a00000, 0x0000000708c00000|  0%| F|  |TAMS 0x0000000708a00000| PB 0x0000000708a00000| Untracked |  0
|  22|0x0000000708c00000, 0x0000000708c00000, 0x0000000708e00000|  0%| F|  |TAMS 0x0000000708c00000| PB 0x0000000708c00000| Untracked |  0
|  23|0x0000000708e00000, 0x0000000708e00000, 0x0000000709000000|  0%| F|  |TAMS 0x0000000708e00000| PB 0x0000000708e00000| Untracked |  0
|  24|0x0000000709000000, 0x0000000709000000, 0x0000000709200000|  0%| F|  |TAMS 0x0000000709000000| PB 0x0000000709000000| Untracked |  0
|  25|0x0000000709200000, 0x0000000709200000, 0x0000000709400000|  0%| F|  |TAMS 0x0000000709200000| PB 0x0000000709200000| Untracked |  0
|  26|0x0000000709400000, 0x0000000709400000, 0x0000000709600000|  0%| F|  |TAMS 0x0000000709400000| PB 0x0000000709400000| Untracked |  0
|  27|0x0000000709600000, 0x0000000709600000, 0x0000000709800000|  0%| F|  |TAMS 0x0000000709600000| PB 0x0000000709600000| Untracked |  0
|  28|0x0000000709800000, 0x0000000709800000, 0x0000000709a00000|  0%| F|  |TAMS 0x0000000709800000| PB 0x0000000709800000| Untracked |  0
|  29|0x0000000709a00000, 0x0000000709a00000, 0x0000000709c00000|  0%| F|  |TAMS 0x0000000709a00000| PB 0x0000000709a00000| Untracked |  0
|  30|0x0000000709c00000, 0x0000000709c00000, 0x0000000709e00000|  0%| F|  |TAMS 0x0000000709c00000| PB 0x0000000709c00000| Untracked |  0
|  31|0x0000000709e00000, 0x0000000709e00000, 0x000000070a000000|  0%| F|  |TAMS 0x0000000709e00000| PB 0x0000000709e00000| Untracked |  0
|  32|0x000000070a000000, 0x000000070a000000, 0x000000070a200000|  0%| F|  |TAMS 0x000000070a000000| PB 0x000000070a000000| Untracked |  0
|  33|0x000000070a200000, 0x000000070a200000, 0x000000070a400000|  0%| F|  |TAMS 0x000000070a200000| PB 0x000000070a200000| Untracked |  0
|  34|0x000000070a400000, 0x000000070a400000, 0x000000070a600000|  0%| F|  |TAMS 0x000000070a400000| PB 0x000000070a400000| Untracked |  0
|  35|0x000000070a600000, 0x000000070a600000, 0x000000070a800000|  0%| F|  |TAMS 0x000000070a600000| PB 0x000000070a600000| Untracked |  0
|  36|0x000000070a800000, 0x000000070a800000, 0x000000070aa00000|  0%| F|  |TAMS 0x000000070a800000| PB 0x000000070a800000| Untracked |  0
|  37|0x000000070aa00000, 0x000000070aa00000, 0x000000070ac00000|  0%| F|  |TAMS 0x000000070aa00000| PB 0x000000070aa00000| Untracked |  0
|  38|0x000000070ac00000, 0x000000070ac00000, 0x000000070ae00000|  0%| F|  |TAMS 0x000000070ac00000| PB 0x000000070ac00000| Untracked |  0
|  39|0x000000070ae00000, 0x000000070ae00000, 0x000000070b000000|  0%| F|  |TAMS 0x000000070ae00000| PB 0x000000070ae00000| Untracked |  0
|  40|0x000000070b000000, 0x000000070b000000, 0x000000070b200000|  0%| F|  |TAMS 0x000000070b000000| PB 0x000000070b000000| Untracked |  0
|  41|0x000000070b200000, 0x000000070b200000, 0x000000070b400000|  0%| F|  |TAMS 0x000000070b200000| PB 0x000000070b200000| Untracked |  0
|  42|0x000000070b400000, 0x000000070b400000, 0x000000070b600000|  0%| F|  |TAMS 0x000000070b400000| PB 0x000000070b400000| Untracked |  0
|  43|0x000000070b600000, 0x000000070b600000, 0x000000070b800000|  0%| F|  |TAMS 0x000000070b600000| PB 0x000000070b600000| Untracked |  0
|  44|0x000000070b800000, 0x000000070b800000, 0x000000070ba00000|  0%| F|  |TAMS 0x000000070b800000| PB 0x000000070b800000| Untracked |  0
|  45|0x000000070ba00000, 0x000000070ba00000, 0x000000070bc00000|  0%| F|  |TAMS 0x000000070ba00000| PB 0x000000070ba00000| Untracked |  0
|  46|0x000000070bc00000, 0x000000070bc00000, 0x000000070be00000|  0%| F|  |TAMS 0x000000070bc00000| PB 0x000000070bc00000| Untracked |  0
|  47|0x000000070be00000, 0x000000070be00000, 0x000000070c000000|  0%| F|  |TAMS 0x000000070be00000| PB 0x000000070be00000| Untracked |  0
|  48|0x000000070c000000, 0x000000070c000000, 0x000000070c200000|  0%| F|  |TAMS 0x000000070c000000| PB 0x000000070c000000| Untracked |  0
|  49|0x000000070c200000, 0x000000070c200000, 0x000000070c400000|  0%| F|  |TAMS 0x000000070c200000| PB 0x000000070c200000| Untracked |  0
|  50|0x000000070c400000, 0x000000070c400000, 0x000000070c600000|  0%| F|  |TAMS 0x000000070c400000| PB 0x000000070c400000| Untracked |  0
|  51|0x000000070c600000, 0x000000070c600000, 0x000000070c800000|  0%| F|  |TAMS 0x000000070c600000| PB 0x000000070c600000| Untracked |  0
|  52|0x000000070c800000, 0x000000070c800000, 0x000000070ca00000|  0%| F|  |TAMS 0x000000070c800000| PB 0x000000070c800000| Untracked |  0
|  53|0x000000070ca00000, 0x000000070ca00000, 0x000000070cc00000|  0%| F|  |TAMS 0x000000070ca00000| PB 0x000000070ca00000| Untracked |  0
|  54|0x000000070cc00000, 0x000000070cc00000, 0x000000070ce00000|  0%| F|  |TAMS 0x000000070cc00000| PB 0x000000070cc00000| Untracked |  0
|  55|0x000000070ce00000, 0x000000070ce00000, 0x000000070d000000|  0%| F|  |TAMS 0x000000070ce00000| PB 0x000000070ce00000| Untracked |  0
|  56|0x000000070d000000, 0x000000070d000000, 0x000000070d200000|  0%| F|  |TAMS 0x000000070d000000| PB 0x000000070d000000| Untracked |  0
|  57|0x000000070d200000, 0x000000070d200000, 0x000000070d400000|  0%| F|  |TAMS 0x000000070d200000| PB 0x000000070d200000| Untracked |  0
|  58|0x000000070d400000, 0x000000070d400000, 0x000000070d600000|  0%| F|  |TAMS 0x000000070d400000| PB 0x000000070d400000| Untracked |  0
|  59|0x000000070d600000, 0x000000070d600000, 0x000000070d800000|  0%| F|  |TAMS 0x000000070d600000| PB 0x000000070d600000| Untracked |  0
|  60|0x000000070d800000, 0x000000070d800000, 0x000000070da00000|  0%| F|  |TAMS 0x000000070d800000| PB 0x000000070d800000| Untracked |  0
|  61|0x000000070da00000, 0x000000070da00000, 0x000000070dc00000|  0%| F|  |TAMS 0x000000070da00000| PB 0x000000070da00000| Untracked |  0
|  62|0x000000070dc00000, 0x000000070dc00000, 0x000000070de00000|  0%| F|  |TAMS 0x000000070dc00000| PB 0x000000070dc00000| Untracked |  0
|  63|0x000000070de00000, 0x000000070de00000, 0x000000070e000000|  0%| F|  |TAMS 0x000000070de00000| PB 0x000000070de00000| Untracked |  0
|  64|0x000000070e000000, 0x000000070e000000, 0x000000070e200000|  0%| F|  |TAMS 0x000000070e000000| PB 0x000000070e000000| Untracked |  0
|  65|0x000000070e200000, 0x000000070e200000, 0x000000070e400000|  0%| F|  |TAMS 0x000000070e200000| PB 0x000000070e200000| Untracked |  0
|  66|0x000000070e400000, 0x000000070e400000, 0x000000070e600000|  0%| F|  |TAMS 0x000000070e400000| PB 0x000000070e400000| Untracked |  0
|  67|0x000000070e600000, 0x000000070e600000, 0x000000070e800000|  0%| F|  |TAMS 0x000000070e600000| PB 0x000000070e600000| Untracked |  0
|  68|0x000000070e800000, 0x000000070e800000, 0x000000070ea00000|  0%| F|  |TAMS 0x000000070e800000| PB 0x000000070e800000| Untracked |  0
|  69|0x000000070ea00000, 0x000000070ea00000, 0x000000070ec00000|  0%| F|  |TAMS 0x000000070ea00000| PB 0x000000070ea00000| Untracked |  0
|  70|0x000000070ec00000, 0x000000070ec00000, 0x000000070ee00000|  0%| F|  |TAMS 0x000000070ec00000| PB 0x000000070ec00000| Untracked |  0
|  71|0x000000070ee00000, 0x000000070ee00000, 0x000000070f000000|  0%| F|  |TAMS 0x000000070ee00000| PB 0x000000070ee00000| Untracked |  0
|  72|0x000000070f000000, 0x000000070f000000, 0x000000070f200000|  0%| F|  |TAMS 0x000000070f000000| PB 0x000000070f000000| Untracked |  0
|  73|0x000000070f200000, 0x000000070f200000, 0x000000070f400000|  0%| F|  |TAMS 0x000000070f200000| PB 0x000000070f200000| Untracked |  0
|  74|0x000000070f400000, 0x000000070f400000, 0x000000070f600000|  0%| F|  |TAMS 0x000000070f400000| PB 0x000000070f400000| Untracked |  0
|  75|0x000000070f600000, 0x000000070f600000, 0x000000070f800000|  0%| F|  |TAMS 0x000000070f600000| PB 0x000000070f600000| Untracked |  0
|  76|0x000000070f800000, 0x000000070f800000, 0x000000070fa00000|  0%| F|  |TAMS 0x000000070f800000| PB 0x000000070f800000| Untracked |  0
|  77|0x000000070fa00000, 0x000000070fa00000, 0x000000070fc00000|  0%| F|  |TAMS 0x000000070fa00000| PB 0x000000070fa00000| Untracked |  0
|  78|0x000000070fc00000, 0x000000070fc00000, 0x000000070fe00000|  0%| F|  |TAMS 0x000000070fc00000| PB 0x000000070fc00000| Untracked |  0
|  79|0x000000070fe00000, 0x000000070fe00000, 0x0000000710000000|  0%| F|  |TAMS 0x000000070fe00000| PB 0x000000070fe00000| Untracked |  0
|  80|0x0000000710000000, 0x0000000710000000, 0x0000000710200000|  0%| F|  |TAMS 0x0000000710000000| PB 0x0000000710000000| Untracked |  0
|  81|0x0000000710200000, 0x0000000710200000, 0x0000000710400000|  0%| F|  |TAMS 0x0000000710200000| PB 0x0000000710200000| Untracked |  0
|  82|0x0000000710400000, 0x0000000710400000, 0x0000000710600000|  0%| F|  |TAMS 0x0000000710400000| PB 0x0000000710400000| Untracked |  0
|  83|0x0000000710600000, 0x0000000710600000, 0x0000000710800000|  0%| F|  |TAMS 0x0000000710600000| PB 0x0000000710600000| Untracked |  0
|  84|0x0000000710800000, 0x0000000710800000, 0x0000000710a00000|  0%| F|  |TAMS 0x0000000710800000| PB 0x0000000710800000| Untracked |  0
|  85|0x0000000710a00000, 0x0000000710a00000, 0x0000000710c00000|  0%| F|  |TAMS 0x0000000710a00000| PB 0x0000000710a00000| Untracked |  0
|  86|0x0000000710c00000, 0x0000000710c00000, 0x0000000710e00000|  0%| F|  |TAMS 0x0000000710c00000| PB 0x0000000710c00000| Untracked |  0
|  87|0x0000000710e00000, 0x0000000710e00000, 0x0000000711000000|  0%| F|  |TAMS 0x0000000710e00000| PB 0x0000000710e00000| Untracked |  0
|  88|0x0000000711000000, 0x0000000711000000, 0x0000000711200000|  0%| F|  |TAMS 0x0000000711000000| PB 0x0000000711000000| Untracked |  0
|  89|0x0000000711200000, 0x0000000711200000, 0x0000000711400000|  0%| F|  |TAMS 0x0000000711200000| PB 0x0000000711200000| Untracked |  0
|  90|0x0000000711400000, 0x0000000711400000, 0x0000000711600000|  0%| F|  |TAMS 0x0000000711400000| PB 0x0000000711400000| Untracked |  0
|  91|0x0000000711600000, 0x0000000711600000, 0x0000000711800000|  0%| F|  |TAMS 0x0000000711600000| PB 0x0000000711600000| Untracked |  0
|  92|0x0000000711800000, 0x0000000711800000, 0x0000000711a00000|  0%| F|  |TAMS 0x0000000711800000| PB 0x0000000711800000| Untracked |  0
|  93|0x0000000711a00000, 0x0000000711a00000, 0x0000000711c00000|  0%| F|  |TAMS 0x0000000711a00000| PB 0x0000000711a00000| Untracked |  0
|  94|0x0000000711c00000, 0x0000000711c00000, 0x0000000711e00000|  0%| F|  |TAMS 0x0000000711c00000| PB 0x0000000711c00000| Untracked |  0
|  95|0x0000000711e00000, 0x0000000711e00000, 0x0000000712000000|  0%| F|  |TAMS 0x0000000711e00000| PB 0x0000000711e00000| Untracked |  0
|  96|0x0000000712000000, 0x0000000712000000, 0x0000000712200000|  0%| F|  |TAMS 0x0000000712000000| PB 0x0000000712000000| Untracked |  0
|  97|0x0000000712200000, 0x0000000712200000, 0x0000000712400000|  0%| F|  |TAMS 0x0000000712200000| PB 0x0000000712200000| Untracked |  0
|  98|0x0000000712400000, 0x0000000712600000, 0x0000000712600000|100%| S|CS|TAMS 0x0000000712400000| PB 0x0000000712400000| Complete |  0
|  99|0x0000000712600000, 0x0000000712800000, 0x0000000712800000|100%| S|CS|TAMS 0x0000000712600000| PB 0x0000000712600000| Complete |  0
| 100|0x0000000712800000, 0x0000000712a00000, 0x0000000712a00000|100%| S|CS|TAMS 0x0000000712800000| PB 0x0000000712800000| Complete |  0
| 101|0x0000000712a00000, 0x0000000712a00000, 0x0000000712c00000|  0%| F|  |TAMS 0x0000000712a00000| PB 0x0000000712a00000| Untracked |  0
| 102|0x0000000712c00000, 0x0000000712c00000, 0x0000000712e00000|  0%| F|  |TAMS 0x0000000712c00000| PB 0x0000000712c00000| Untracked |  0
| 103|0x0000000712e00000, 0x0000000713000000, 0x0000000713000000|100%| E|  |TAMS 0x0000000712e00000| PB 0x0000000712e00000| Complete |  0
| 104|0x0000000713000000, 0x0000000713200000, 0x0000000713200000|100%| E|CS|TAMS 0x0000000713000000| PB 0x0000000713000000| Complete |  0
| 105|0x0000000713200000, 0x0000000713400000, 0x0000000713400000|100%| E|CS|TAMS 0x0000000713200000| PB 0x0000000713200000| Complete |  0
| 106|0x0000000713400000, 0x0000000713600000, 0x0000000713600000|100%| E|CS|TAMS 0x0000000713400000| PB 0x0000000713400000| Complete |  0
| 107|0x0000000713600000, 0x0000000713800000, 0x0000000713800000|100%| E|CS|TAMS 0x0000000713600000| PB 0x0000000713600000| Complete |  0
| 108|0x0000000713800000, 0x0000000713a00000, 0x0000000713a00000|100%| E|CS|TAMS 0x0000000713800000| PB 0x0000000713800000| Complete |  0
| 109|0x0000000713a00000, 0x0000000713c00000, 0x0000000713c00000|100%| E|CS|TAMS 0x0000000713a00000| PB 0x0000000713a00000| Complete |  0
| 110|0x0000000713c00000, 0x0000000713e00000, 0x0000000713e00000|100%| E|CS|TAMS 0x0000000713c00000| PB 0x0000000713c00000| Complete |  0
| 111|0x0000000713e00000, 0x0000000714000000, 0x0000000714000000|100%| E|CS|TAMS 0x0000000713e00000| PB 0x0000000713e00000| Complete |  0
| 112|0x0000000714000000, 0x0000000714200000, 0x0000000714200000|100%| E|CS|TAMS 0x0000000714000000| PB 0x0000000714000000| Complete |  0
| 113|0x0000000714200000, 0x0000000714400000, 0x0000000714400000|100%| E|CS|TAMS 0x0000000714200000| PB 0x0000000714200000| Complete |  0
| 114|0x0000000714400000, 0x0000000714600000, 0x0000000714600000|100%| E|CS|TAMS 0x0000000714400000| PB 0x0000000714400000| Complete |  0
| 115|0x0000000714600000, 0x0000000714800000, 0x0000000714800000|100%| E|CS|TAMS 0x0000000714600000| PB 0x0000000714600000| Complete |  0
| 116|0x0000000714800000, 0x0000000714a00000, 0x0000000714a00000|100%| E|CS|TAMS 0x0000000714800000| PB 0x0000000714800000| Complete |  0
| 117|0x0000000714a00000, 0x0000000714c00000, 0x0000000714c00000|100%| E|CS|TAMS 0x0000000714a00000| PB 0x0000000714a00000| Complete |  0
| 118|0x0000000714c00000, 0x0000000714e00000, 0x0000000714e00000|100%| E|CS|TAMS 0x0000000714c00000| PB 0x0000000714c00000| Complete |  0
| 119|0x0000000714e00000, 0x0000000715000000, 0x0000000715000000|100%| E|CS|TAMS 0x0000000714e00000| PB 0x0000000714e00000| Complete |  0
| 120|0x0000000715000000, 0x0000000715200000, 0x0000000715200000|100%| E|CS|TAMS 0x0000000715000000| PB 0x0000000715000000| Complete |  0
| 121|0x0000000715200000, 0x0000000715400000, 0x0000000715400000|100%| E|CS|TAMS 0x0000000715200000| PB 0x0000000715200000| Complete |  0
| 122|0x0000000715400000, 0x0000000715600000, 0x0000000715600000|100%| E|CS|TAMS 0x0000000715400000| PB 0x0000000715400000| Complete |  0
| 123|0x0000000715600000, 0x0000000715800000, 0x0000000715800000|100%| E|CS|TAMS 0x0000000715600000| PB 0x0000000715600000| Complete |  0
| 124|0x0000000715800000, 0x0000000715a00000, 0x0000000715a00000|100%| E|CS|TAMS 0x0000000715800000| PB 0x0000000715800000| Complete |  0
|1999|0x00000007ffe00000, 0x00000007fff22dd0, 0x0000000800000000| 56%| O|  |TAMS 0x00000007ffe00000| PB 0x00000007ffe00000| Untracked |  0

Card table byte_map: [0x0000024dc5230000,0x0000024dc5a00000] _byte_map_base: 0x0000024dc1a00000

Marking Bits: (CMBitMap*) 0x0000024db175dbc0
 Bits: [0x0000024dc5a00000, 0x0000024dc9880000)

Polling page: 0x0000024daf520000

Metaspace:
Metaspace        used 12259K, committed 12480K, reserved 1114112K
 class space     used 1192K, committed 1280K, reserved 1048576K

Usage:
  Non-class:     10.81 MB used.
      Class:      1.16 MB used.
       Both:     11.97 MB used.

Virtual space:
  Non-class space:       64.00 MB reserved,      10.94 MB ( 17%) committed,  1 nodes.
      Class space:        1.00 GB reserved,       1.25 MB ( <1%) committed,  1 nodes.
             Both:        1.06 GB reserved,      12.19 MB (  1%) committed. 

Chunk freelists:
   Non-Class:  5.03 MB
       Class:  14.64 MB
        Both:  19.67 MB

MaxMetaspaceSize: unlimited
CompressedClassSpaceSize: 1.00 GB
Initial GC threshold: 21.00 MB
Current GC threshold: 21.00 MB
CDS: on
 - commit_granule_bytes: 65536.
 - commit_granule_words: 8192.
 - virtual_space_node_default_size: 8388608.
 - enlarge_chunks_in_place: 1.
UseCompressedClassPointers 1, UseCompactObjectHeaders 0
Narrow klass pointer bits 32, Max shift 3
Narrow klass base: 0x000000001f000000, Narrow klass shift: 0
Encoding Range: [0x000000001f000000 - 0x000000011f000000), (4294967296 bytes)
Klass Range:    [0x000000001f010000 - 0x0000000060000000), (1090453504 bytes)
Klass ID Range:  [65536 - 1090519033) (1090453497)
Protection zone: [0x000000001f000000 - 0x000000001f010000), (65536 bytes)


Internal statistics:

num_allocs_failed_limit: 0.
num_arena_births: 158.
num_arena_deaths: 0.
num_vsnodes_births: 2.
num_vsnodes_deaths: 0.
num_space_committed: 195.
num_space_uncommitted: 0.
num_chunks_returned_to_freelist: 0.
num_chunks_taken_from_freelist: 513.
num_chunk_merges: 0.
num_chunk_splits: 316.
num_chunks_enlarged: 235.
num_inconsistent_stats: 0.

CodeHeap 'non-profiled nmethods': size=120064Kb used=901Kb max_used=901Kb free=119162Kb
 bounds [0x0000024dbcec0000, 0x0000024dbd130000, 0x0000024dc4400000]
CodeHeap 'profiled nmethods': size=120000Kb used=3799Kb max_used=3799Kb free=116200Kb
 bounds [0x0000024db5400000, 0x0000024db57c0000, 0x0000024dbc930000]
CodeHeap 'non-nmethods': size=5696Kb used=1458Kb max_used=1683Kb free=4238Kb
 bounds [0x0000024dbc930000, 0x0000024dbcba0000, 0x0000024dbcec0000]
CodeCache: size=245760Kb, used=6158Kb, max_used=6383Kb, free=239600Kb
 total_blobs=2909, nmethods=2384, adapters=428, full_count=0
Compilation: enabled, stopped_count=0, restarted_count=0

Compilation events (20 events):
Event: 2.225 Thread 0x0000024dcc5c08e0 2372       4       java.util.HashMap::get (19 bytes)
Event: 2.231 Thread 0x0000024dcc5c1900 2374       1       java.util.stream.MatchOps$BooleanTerminalSink::cancellationRequested (5 bytes)
Event: 2.231 Thread 0x0000024dcc5c1900 nmethod 2374 0x0000024dbcf7df08 code [0x0000024dbcf7e000, 0x0000024dbcf7e0c8]
Event: 2.231 Thread 0x0000024dcc5c1900 2375       3       java.util.ArrayList$ArrayListSpliterator::tryAdvance (79 bytes)
Event: 2.232 Thread 0x0000024dcc5c1900 nmethod 2375 0x0000024db57b3c08 code [0x0000024db57b3d00, 0x0000024db57b4260]
Event: 2.232 Thread 0x0000024dcc5c1900 2376       3       java.util.Collection::stream (11 bytes)
Event: 2.232 Thread 0x0000024dcc5c1900 nmethod 2376 0x0000024db57b4288 code [0x0000024db57b4380, 0x0000024db57b4588]
Event: 2.234 Thread 0x0000024dcc5c1900 2378       3       jdk.internal.classfile.impl.DirectMethodBuilder::with (9 bytes)
Event: 2.234 Thread 0x0000024dcc5c1900 nmethod 2378 0x0000024db57b4608 code [0x0000024db57b4700, 0x0000024db57b5058]
Event: 2.234 Thread 0x0000024dcc5c1900 2379       3       jdk.internal.classfile.impl.DirectMethodBuilder::with (33 bytes)
Event: 2.235 Thread 0x0000024dcc5c1900 nmethod 2379 0x0000024db57b5088 code [0x0000024db57b5180, 0x0000024db57b5910]
Event: 2.235 Thread 0x0000024dcc5c1900 2380       3       jdk.internal.classfile.impl.UnboundAttribute::writeTo (6 bytes)
Event: 2.235 Thread 0x0000024dcc5c1900 nmethod 2380 0x0000024db57b5988 code [0x0000024db57b5a80, 0x0000024db57b5d38]
Event: 2.235 Thread 0x0000024dcc5c08e0 nmethod 2372 0x0000024dbcf7e508 code [0x0000024dbcf7e600, 0x0000024dbcf7e9c8]
Event: 2.235 Thread 0x0000024dcc5c08e0 2373       4       jdk.internal.classfile.impl.StackMapGenerator::processBlock (2767 bytes)
Event: 2.267 Thread 0x0000024dc9aea3e0 nmethod 2282 0x0000024dbcf7f908 code [0x0000024dbcf7fa00, 0x0000024dbcf88b08]
Event: 2.267 Thread 0x0000024dc9aea3e0 2381       4       org.eclipse.jdt.launching.internal.org.objectweb.asm.ByteVector::putInt (74 bytes)
Event: 2.269 Thread 0x0000024dc9aea3e0 nmethod 2381 0x0000024dbcf88b88 code [0x0000024dbcf88c80, 0x0000024dbcf88df0]
Event: 2.366 Thread 0x0000024dcc5c08e0 nmethod 2373 0x0000024dbcf88e88 code [0x0000024dbcf89580, 0x0000024dbcf8ede8]
Event: 2.405 Thread 0x0000024dcc5c5980 nmethod 2149 0x0000024dbcf8ee88 code [0x0000024dbcf8ef80, 0x0000024dbcfa1600]

GC Heap Usage History (2 events):
Event: 1.333 {heap Before GC invocations=0 (full 0):
 garbage-first heap   total reserved 4096000K, committed 258048K, used 50315K [0x0000000706000000, 0x0000000800000000)
  region size 2048K, 24 young (49152K), 0 survivors (0K)
}
Event: 1.340 {heap After GC invocations=1 (full 0):
 garbage-first heap   total reserved 4096000K, committed 258048K, used 8615K [0x0000000706000000, 0x0000000800000000)
  region size 2048K, 3 young (6144K), 3 survivors (6144K)
}

Metaspace Usage History (2 events):
Event: 1.333 {metaspace Before GC invocations=0 (full 0):
 Metaspace       used 7360K, committed 7552K, reserved 1114112K
  class space    used 710K, committed 832K, reserved 1048576K
}
Event: 1.340 {metaspace After GC invocations=1 (full 0):
 Metaspace       used 7360K, committed 7552K, reserved 1114112K
  class space    used 710K, committed 832K, reserved 1048576K
}

Dll operation events (9 events):
Event: 0.014 Loaded shared library C:\Users\nasji\Downloads\spring-tools-for-eclipse-5.0.1.RELEASE-e4.38.0-win32.win32.x86_64\sts-5.0.1.RELEASE\plugins\org.eclipse.justj.openjdk.hotspot.jre.full.win32.x86_64_25.0.1.v20251108-1451\jre\bin\java.dll
Event: 0.138 Loaded shared library C:\Users\nasji\Downloads\spring-tools-for-eclipse-5.0.1.RELEASE-e4.38.0-win32.win32.x86_64\sts-5.0.1.RELEASE\plugins\org.eclipse.justj.openjdk.hotspot.jre.full.win32.x86_64_25.0.1.v20251108-1451\jre\bin\zip.dll
Event: 0.298 Loaded shared library C:\Users\nasji\Downloads\spring-tools-for-eclipse-5.0.1.RELEASE-e4.38.0-win32.win32.x86_64\sts-5.0.1.RELEASE\plugins\org.eclipse.justj.openjdk.hotspot.jre.full.win32.x86_64_25.0.1.v20251108-1451\jre\bin\instrument.dll
Event: 0.307 Loaded shared library C:\Users\nasji\Downloads\spring-tools-for-eclipse-5.0.1.RELEASE-e4.38.0-win32.win32.x86_64\sts-5.0.1.RELEASE\plugins\org.eclipse.justj.openjdk.hotspot.jre.full.win32.x86_64_25.0.1.v20251108-1451\jre\bin\net.dll
Event: 0.309 Loaded shared library C:\Users\nasji\Downloads\spring-tools-for-eclipse-5.0.1.RELEASE-e4.38.0-win32.win32.x86_64\sts-5.0.1.RELEASE\plugins\org.eclipse.justj.openjdk.hotspot.jre.full.win32.x86_64_25.0.1.v20251108-1451\jre\bin\nio.dll
Event: 0.317 Loaded shared library C:\Users\nasji\Downloads\spring-tools-for-eclipse-5.0.1.RELEASE-e4.38.0-win32.win32.x86_64\sts-5.0.1.RELEASE\plugins\org.eclipse.justj.openjdk.hotspot.jre.full.win32.x86_64_25.0.1.v20251108-1451\jre\bin\zip.dll
Event: 0.601 Loaded shared library C:\Users\nasji\Downloads\spring-tools-for-eclipse-5.0.1.RELEASE-e4.38.0-win32.win32.x86_64\sts-5.0.1.RELEASE\plugins\org.eclipse.justj.openjdk.hotspot.jre.full.win32.x86_64_25.0.1.v20251108-1451\jre\bin\jimage.dll
Event: 0.704 Loaded shared library C:\Users\nasji\Downloads\spring-tools-for-eclipse-5.0.1.RELEASE-e4.38.0-win32.win32.x86_64\sts-5.0.1.RELEASE\plugins\org.eclipse.justj.openjdk.hotspot.jre.full.win32.x86_64_25.0.1.v20251108-1451\jre\bin\verify.dll
Event: 0.841 Loaded shared library C:\Users\nasji\Downloads\spring-tools-for-eclipse-5.0.1.RELEASE-e4.38.0-win32.win32.x86_64\sts-5.0.1.RELEASE\plugins\org.eclipse.justj.openjdk.hotspot.jre.full.win32.x86_64_25.0.1.v20251108-1451\jre\bin\extnet.dll

Deoptimization events (20 events):
Event: 2.200 Thread 0x0000024db16f4ee0 DEOPT PACKING pc=0x0000024db562c304 sp=0x00000089d75fc950
Event: 2.200 Thread 0x0000024db16f4ee0 DEOPT UNPACKING pc=0x0000024dbc981702 sp=0x00000089d75fbe18 mode 1
Event: 2.205 Thread 0x0000024db16f4ee0 DEOPT PACKING pc=0x0000024db574f73c sp=0x00000089d75fd110
Event: 2.205 Thread 0x0000024db16f4ee0 DEOPT UNPACKING pc=0x0000024dbc981702 sp=0x00000089d75fc5d0 mode 1
Event: 2.205 Thread 0x0000024db16f4ee0 DEOPT PACKING pc=0x0000024db574bf94 sp=0x00000089d75fd180
Event: 2.205 Thread 0x0000024db16f4ee0 DEOPT UNPACKING pc=0x0000024dbc981702 sp=0x00000089d75fc668 mode 1
Event: 2.205 Thread 0x0000024db16f4ee0 DEOPT PACKING pc=0x0000024db574ef7c sp=0x00000089d75fd2f0
Event: 2.205 Thread 0x0000024db16f4ee0 DEOPT UNPACKING pc=0x0000024dbc981702 sp=0x00000089d75fc7a8 mode 1
Event: 2.205 Thread 0x0000024db16f4ee0 DEOPT PACKING pc=0x0000024db575136c sp=0x00000089d75fd370
Event: 2.205 Thread 0x0000024db16f4ee0 DEOPT UNPACKING pc=0x0000024dbc981702 sp=0x00000089d75fc830 mode 1
Event: 2.220 Thread 0x0000024db16f4ee0 DEOPT PACKING pc=0x0000024db55e0911 sp=0x00000089d75fbcc0
Event: 2.220 Thread 0x0000024db16f4ee0 DEOPT UNPACKING pc=0x0000024dbc981702 sp=0x00000089d75fb168 mode 1
Event: 2.220 Thread 0x0000024db16f4ee0 DEOPT PACKING pc=0x0000024db55e0524 sp=0x00000089d75fbd20
Event: 2.220 Thread 0x0000024db16f4ee0 DEOPT UNPACKING pc=0x0000024dbc981702 sp=0x00000089d75fb1c8 mode 1
Event: 2.220 Thread 0x0000024db16f4ee0 DEOPT PACKING pc=0x0000024db562c304 sp=0x00000089d75fc650
Event: 2.220 Thread 0x0000024db16f4ee0 DEOPT UNPACKING pc=0x0000024dbc981702 sp=0x00000089d75fbb18 mode 1
Event: 2.224 Thread 0x0000024db16f4ee0 DEOPT PACKING pc=0x0000024db55a4c3a sp=0x00000089d75facb0
Event: 2.224 Thread 0x0000024db16f4ee0 DEOPT UNPACKING pc=0x0000024dbc981702 sp=0x00000089d75fa270 mode 0
Event: 148.730 Thread 0x0000024db16f4ee0 DEOPT PACKING pc=0x0000024db574f73c sp=0x00000089d75fce20
Event: 148.730 Thread 0x0000024db16f4ee0 DEOPT UNPACKING pc=0x0000024dbc981702 sp=0x00000089d75fc2d8 mode 0

Classes loaded (20 events):
Event: 2.101 Loading class sun/reflect/generics/tree/CharSignature
Event: 2.101 Loading class sun/reflect/generics/tree/CharSignature done
Event: 2.101 Loading class sun/reflect/generics/tree/ArrayTypeSignature
Event: 2.101 Loading class sun/reflect/generics/tree/ArrayTypeSignature done
Event: 2.105 Loading class java/net/UnknownHostException
Event: 2.105 Loading class java/net/UnknownHostException done
Event: 2.123 Loading class sun/reflect/generics/tree/ByteSignature
Event: 2.123 Loading class sun/reflect/generics/tree/ByteSignature done
Event: 2.146 Loading class java/util/function/UnaryOperator
Event: 2.146 Loading class java/util/function/UnaryOperator done
Event: 2.146 Loading class java/util/ConcurrentModificationException
Event: 2.146 Loading class java/util/ConcurrentModificationException done
Event: 2.197 Loading class java/util/EventListener
Event: 2.197 Loading class java/util/EventListener done
Event: 2.201 Loading class java/lang/invoke/WrongMethodTypeException
Event: 2.201 Loading class java/lang/invoke/WrongMethodTypeException done
Event: 2.244 Loading class java/util/EventObject
Event: 2.244 Loading class java/util/EventObject done
Event: 2.262 Loading class java/util/ArrayList$ListItr
Event: 2.262 Loading class java/util/ArrayList$ListItr done

Classes unloaded (0 events):
No events

Classes redefined (1 events):
Event: 148.743 Thread 0x0000024dc9ac67f0 redefined class name=com.example.clientservice.service.ClientIntegrationTest, count=1

Internal exceptions (20 events):
Event: 1.260 Thread 0x0000024db16f4ee0 Exception <a 'java/lang/NoSuchMethodError'{0x0000000712e3af10}: 'void java.lang.invoke.DirectMethodHandle$Holder.invokeStaticInit(java.lang.Object, java.lang.Object, java.lang.Object, java.lang.Object)'> (0x0000000712e3af10) 
thrown [s\src\hotspot\share\interpreter\linkResolver.cpp, line 804]
Event: 1.270 Thread 0x0000024db16f4ee0 Exception <a 'java/lang/NoSuchMethodError'{0x0000000712f52100}: 'int java.lang.invoke.DirectMethodHandle$Holder.invokeStaticInit(java.lang.Object, java.lang.Object)'> (0x0000000712f52100) 
thrown [s\src\hotspot\share\interpreter\linkResolver.cpp, line 804]
Event: 1.381 Thread 0x0000024db16f4ee0 Exception <a 'java/lang/NoSuchMethodError'{0x000000071571d270}: 'java.lang.Object java.lang.invoke.DelegatingMethodHandle$Holder.reinvoke_L(java.lang.Object, java.lang.Object, java.lang.Object, long, java.lang.Object)'> (0x000000071571d270) 
thrown [s\src\hotspot\share\interpreter\linkResolver.cpp, line 804]
Event: 1.382 Thread 0x0000024db16f4ee0 Exception <a 'java/lang/NoSuchMethodError'{0x000000071572db78}: 'java.lang.Object java.lang.invoke.Invokers$Holder.linkToTargetMethod(java.lang.Object, long, java.lang.Object, java.lang.Object)'> (0x000000071572db78) 
thrown [s\src\hotspot\share\interpreter\linkResolver.cpp, line 804]
Event: 1.416 Thread 0x0000024db16f4ee0 Implicit null exception at 0x0000024dbcf3f5bb to 0x0000024dbcf401f8
Event: 1.417 Thread 0x0000024db16f4ee0 Implicit null exception at 0x0000024dbcedda9d to 0x0000024dbceddb19
Event: 1.529 Thread 0x0000024db16f4ee0 Exception <a 'java/lang/NoSuchMethodError'{0x0000000714a5c700}: 'int java.lang.invoke.DirectMethodHandle$Holder.invokeInterface(java.lang.Object, java.lang.Object)'> (0x0000000714a5c700) 
thrown [s\src\hotspot\share\interpreter\linkResolver.cpp, line 804]
Event: 1.561 Thread 0x0000024db16f4ee0 Exception <a 'java/lang/NoSuchMethodError'{0x00000007148c9198}: 'void java.lang.invoke.DirectMethodHandle$Holder.invokeStaticInit(java.lang.Object, java.lang.Object)'> (0x00000007148c9198) 
thrown [s\src\hotspot\share\interpreter\linkResolver.cpp, line 804]
Event: 1.590 Thread 0x0000024db16f4ee0 Exception <a 'java/lang/NoSuchMethodError'{0x00000007146190f0}: 'int java.lang.invoke.DirectMethodHandle$Holder.invokeVirtual(java.lang.Object, java.lang.Object, java.lang.Object)'> (0x00000007146190f0) 
thrown [s\src\hotspot\share\interpreter\linkResolver.cpp, line 804]
Event: 1.649 Thread 0x0000024db16f4ee0 Exception <a 'java/lang/IncompatibleClassChangeError'{0x00000007144f82d8}: Found class java.lang.Object, but interface was expected> (0x00000007144f82d8) 
thrown [s\src\hotspot\share\interpreter\linkResolver.cpp, line 871]
Event: 1.705 Thread 0x0000024db16f4ee0 Exception <a 'java/lang/NoSuchMethodError'{0x00000007143d1be0}: 'int java.lang.invoke.DirectMethodHandle$Holder.invokeSpecial(java.lang.Object, java.lang.Object, java.lang.Object, java.lang.Object, java.lang.Object)'> (0x00000007143d1be0) 
thrown [s\src\hotspot\share\interpreter\linkResolver.cpp, line 804]
Event: 1.898 Thread 0x0000024db16f4ee0 Exception <a 'java/lang/NoSuchMethodError'{0x0000000713d8ccb0}: 'void java.lang.invoke.DirectMethodHandle$Holder.invokeVirtual(java.lang.Object, java.lang.Object, java.lang.Object, java.lang.Object)'> (0x0000000713d8ccb0) 
thrown [s\src\hotspot\share\interpreter\linkResolver.cpp, line 804]
Event: 2.154 Thread 0x0000024db16f4ee0 Exception <a 'java/lang/NoSuchMethodError'{0x0000000713336600}: 'java.lang.Object java.lang.invoke.DirectMethodHandle$Holder.newInvokeSpecial(java.lang.Object, java.lang.Object, java.lang.Object, java.lang.Object, java.lang.Object, java.lang.Object, java.lang.Object)'> (0x0000000713336600) 
thrown [s\src\hotspot\share\interpreter\linkResolver.cpp, line 804]
Event: 2.156 Thread 0x0000024db16f4ee0 Implicit null exception at 0x0000024dbcf1ab4c to 0x0000024dbcf1ae10
Event: 2.233 Thread 0x0000024db16f4ee0 Exception <a 'java/lang/NoSuchMethodError'{0x0000000712e81ea8}: 'java.lang.Object java.lang.invoke.DirectMethodHandle$Holder.invokeInterface(java.lang.Object, java.lang.Object, java.lang.Object, java.lang.Object)'> (0x0000000712e81ea8) 
thrown [s\src\hotspot\share\interpreter\linkResolver.cpp, line 804]
Event: 2.240 Thread 0x0000024db16f4ee0 Exception <a 'java/lang/NoSuchMethodError'{0x0000000712ebc4a0}: 'java.lang.Object java.lang.invoke.DirectMethodHandle$Holder.newInvokeSpecial(java.lang.Object, java.lang.Object, java.lang.Object, java.lang.Object, int)'> (0x0000000712ebc4a0) 
thrown [s\src\hotspot\share\interpreter\linkResolver.cpp, line 804]
Event: 2.241 Thread 0x0000024db16f4ee0 Exception <a 'java/lang/NoSuchMethodError'{0x0000000712ec5388}: 'java.lang.Object java.lang.invoke.DirectMethodHandle$Holder.invokeSpecial(java.lang.Object, java.lang.Object, java.lang.Object, java.lang.Object, java.lang.Object, int)'> (0x0000000712ec5388) 
thrown [s\src\hotspot\share\interpreter\linkResolver.cpp, line 804]
Event: 2.241 Thread 0x0000024db16f4ee0 Exception <a 'java/lang/NoSuchMethodError'{0x0000000712ecd8c8}: 'java.lang.Object java.lang.invoke.Invokers$Holder.linkToTargetMethod(java.lang.Object, java.lang.Object, java.lang.Object, int, java.lang.Object)'> (0x0000000712ecd8c8) 
thrown [s\src\hotspot\share\interpreter\linkResolver.cpp, line 804]
Event: 2.251 Thread 0x0000024db16f4ee0 Exception <a 'java/lang/NoSuchMethodError'{0x0000000712f31f60}: 'java.lang.Object java.lang.invoke.DirectMethodHandle$Holder.invokeInterface(java.lang.Object, java.lang.Object, java.lang.Object, java.lang.Object, java.lang.Object)'> (0x0000000712f31f60) 
thrown [s\src\hotspot\share\interpreter\linkResolver.cpp, line 804]
Event: 2.252 Thread 0x0000024db16f4ee0 Exception <a 'java/lang/IncompatibleClassChangeError'{0x0000000712f3a3d8}: Found class java.lang.Object, but interface was expected> (0x0000000712f3a3d8) 
thrown [s\src\hotspot\share\interpreter\linkResolver.cpp, line 871]

VM Operations (20 events):
Event: 1.531 Executing non-safepoint VM operation: HandshakeAllThreads (Deoptimize)
Event: 1.531 Executing non-safepoint VM operation: HandshakeAllThreads (Deoptimize) done
Event: 1.669 Executing non-safepoint VM operation: HandshakeAllThreads (Deoptimize)
Event: 1.669 Executing non-safepoint VM operation: HandshakeAllThreads (Deoptimize) done
Event: 2.263 Executing non-safepoint VM operation: HandshakeAllThreads (Deoptimize)
Event: 2.263 Executing non-safepoint VM operation: HandshakeAllThreads (Deoptimize) done
Event: 2.780 Executing safepoint VM operation: get/set locals
Event: 2.780 Executing safepoint VM operation: get/set locals done
Event: 60.253 Executing non-safepoint VM operation: HandshakeAllThreads (HandshakeForDeflation)
Event: 60.253 Executing non-safepoint VM operation: HandshakeAllThreads (HandshakeForDeflation) done
Event: 60.253 Executing non-safepoint VM operation: RendezvousGCThreads
Event: 60.253 Executing non-safepoint VM operation: RendezvousGCThreads done
Event: 148.728 Executing safepoint VM operation: ChangeSingleStep
Event: 148.728 Executing safepoint VM operation: ChangeSingleStep done
Event: 148.731 Executing safepoint VM operation: ChangeSingleStep
Event: 148.731 Executing safepoint VM operation: ChangeSingleStep done
Event: 148.737 Executing safepoint VM operation: RedefineClasses
Event: 148.750 Executing safepoint VM operation: RedefineClasses done
Event: 148.754 Executing safepoint VM operation: ChangeSingleStep
Event: 148.754 Executing safepoint VM operation: ChangeSingleStep done

Memory protections (0 events):
No events

Nmethod flushes (0 events):
No events

Events (19 events):
Event: 0.031 Thread 0x0000024db16f4ee0 Thread added: 0x0000024db16f4ee0
Event: 0.043 Thread 0x0000024db16f4ee0 Thread added: 0x0000024dc9ad70c0
Event: 0.043 Thread 0x0000024db16f4ee0 Thread added: 0x0000024dc9ad7880
Event: 0.043 Thread 0x0000024db16f4ee0 Thread added: 0x0000024dc9adc6c0
Event: 0.043 Thread 0x0000024db16f4ee0 Thread added: 0x0000024dc9ade3e0
Event: 0.043 Thread 0x0000024db16f4ee0 Thread added: 0x0000024dc9ae1750
Event: 0.043 Thread 0x0000024db16f4ee0 Thread added: 0x0000024dc9ae2ab0
Event: 0.043 Thread 0x0000024db16f4ee0 Thread added: 0x0000024dc9aea3e0
Event: 0.044 Thread 0x0000024db16f4ee0 Thread added: 0x0000024dcc5c1900
Event: 0.164 Thread 0x0000024db16f4ee0 Thread added: 0x0000024dcc74dd10
Event: 0.164 Thread 0x0000024db16f4ee0 Thread added: 0x0000024dcc76f230
Event: 0.164 Thread 0x0000024dcc74dd10 Thread added: 0x0000024dcc774f90
Event: 0.302 Thread 0x0000024db16f4ee0 Thread added: 0x0000024dcc7b4780
Event: 0.341 Thread 0x0000024dc9aea3e0 Thread added: 0x0000024dcc5c08e0
Event: 0.688 Thread 0x0000024db16f4ee0 Thread added: 0x0000024dd1986700
Event: 0.851 Thread 0x0000024db16f4ee0 Thread added: 0x0000024dd1afb900
Event: 1.541 Thread 0x0000024dcc5c1900 Thread added: 0x0000024dcc5c5980
Event: 7.405 Thread 0x0000024dcc5c5980 Thread exited: 0x0000024dcc5c5980
Event: 12.368 Thread 0x0000024dcc5c08e0 Thread exited: 0x0000024dcc5c08e0


Dynamic libraries:
0x00007ff7c43d0000 - 0x00007ff7c43de000 	C:\Users\nasji\Downloads\spring-tools-for-eclipse-5.0.1.RELEASE-e4.38.0-win32.win32.x86_64\sts-5.0.1.RELEASE\plugins\org.eclipse.justj.openjdk.hotspot.jre.full.win32.x86_64_25.0.1.v20251108-1451\jre\bin\javaw.exe
0x00007ffb1a760000 - 0x00007ffb1a9c7000 	C:\Windows\SYSTEM32\ntdll.dll
0x00007ffb19c90000 - 0x00007ffb19d59000 	C:\Windows\System32\KERNEL32.DLL
0x00007ffb17410000 - 0x00007ffb17804000 	C:\Windows\System32\KERNELBASE.dll
0x00007ffb181c0000 - 0x00007ffb1830b000 	C:\Windows\System32\ucrtbase.dll
0x00007ffadfe10000 - 0x00007ffadfe2e000 	C:\Users\nasji\Downloads\spring-tools-for-eclipse-5.0.1.RELEASE-e4.38.0-win32.win32.x86_64\sts-5.0.1.RELEASE\plugins\org.eclipse.justj.openjdk.hotspot.jre.full.win32.x86_64_25.0.1.v20251108-1451\jre\bin\VCRUNTIME140.dll
0x00007ffaff4a0000 - 0x00007ffaff4b6000 	C:\Users\nasji\Downloads\spring-tools-for-eclipse-5.0.1.RELEASE-e4.38.0-win32.win32.x86_64\sts-5.0.1.RELEASE\plugins\org.eclipse.justj.openjdk.hotspot.jre.full.win32.x86_64_25.0.1.v20251108-1451\jre\bin\jli.dll
0x00007ffb19d70000 - 0x00007ffb19f35000 	C:\Windows\System32\USER32.dll
0x00007ffb173e0000 - 0x00007ffb17407000 	C:\Windows\System32\win32u.dll
0x00007ffb18940000 - 0x00007ffb1896b000 	C:\Windows\System32\GDI32.dll
0x00007ffb183c0000 - 0x00007ffb184eb000 	C:\Windows\System32\gdi32full.dll
0x00007ffb18080000 - 0x00007ffb18123000 	C:\Windows\System32\msvcp_win.dll
0x00007ffaf92b0000 - 0x00007ffaf9543000 	C:\Windows\WinSxS\amd64_microsoft.windows.common-controls_6595b64144ccf1df_6.0.26100.8115_none_3e075c82e3354f9c\COMCTL32.dll
0x00007ffb1a160000 - 0x00007ffb1a209000 	C:\Windows\System32\msvcrt.dll
0x00007ffb1a0b0000 - 0x00007ffb1a0e2000 	C:\Windows\System32\IMM32.DLL
0x00007ffaff450000 - 0x00007ffaff45c000 	C:\Users\nasji\Downloads\spring-tools-for-eclipse-5.0.1.RELEASE-e4.38.0-win32.win32.x86_64\sts-5.0.1.RELEASE\plugins\org.eclipse.justj.openjdk.hotspot.jre.full.win32.x86_64_25.0.1.v20251108-1451\jre\bin\vcruntime140_1.dll
0x00007ffab1320000 - 0x00007ffab13ad000 	C:\Users\nasji\Downloads\spring-tools-for-eclipse-5.0.1.RELEASE-e4.38.0-win32.win32.x86_64\sts-5.0.1.RELEASE\plugins\org.eclipse.justj.openjdk.hotspot.jre.full.win32.x86_64_25.0.1.v20251108-1451\jre\bin\msvcp140.dll
0x00007ffa86d90000 - 0x00007ffa87cb6000 	C:\Users\nasji\Downloads\spring-tools-for-eclipse-5.0.1.RELEASE-e4.38.0-win32.win32.x86_64\sts-5.0.1.RELEASE\plugins\org.eclipse.justj.openjdk.hotspot.jre.full.win32.x86_64_25.0.1.v20251108-1451\jre\bin\server\jvm.dll
0x00007ffb18990000 - 0x00007ffb18a46000 	C:\Windows\System32\ADVAPI32.dll
0x00007ffb199f0000 - 0x00007ffb19a97000 	C:\Windows\System32\sechost.dll
0x00007ffb18a50000 - 0x00007ffb18b68000 	C:\Windows\System32\RPCRT4.dll
0x00007ffb19460000 - 0x00007ffb194e0000 	C:\Windows\System32\WS2_32.dll
0x00007ffb16eb0000 - 0x00007ffb16f0e000 	C:\Windows\SYSTEM32\POWRPROF.dll
0x00007ffb0f560000 - 0x00007ffb0f596000 	C:\Windows\SYSTEM32\WINMM.dll
0x00007ffaf9700000 - 0x00007ffaf970b000 	C:\Windows\SYSTEM32\VERSION.dll
0x00007ffb16e90000 - 0x00007ffb16ea4000 	C:\Windows\SYSTEM32\UMPDC.dll
0x00007ffb15dc0000 - 0x00007ffb15ddb000 	C:\Windows\SYSTEM32\kernel.appcore.dll
0x00007ffb067a0000 - 0x00007ffb067aa000 	C:\Users\nasji\Downloads\spring-tools-for-eclipse-5.0.1.RELEASE-e4.38.0-win32.win32.x86_64\sts-5.0.1.RELEASE\plugins\org.eclipse.justj.openjdk.hotspot.jre.full.win32.x86_64_25.0.1.v20251108-1451\jre\bin\jimage.dll
0x00007ffb14e90000 - 0x00007ffb150d2000 	C:\Windows\SYSTEM32\DBGHELP.DLL
0x00007ffb184f0000 - 0x00007ffb18872000 	C:\Windows\System32\combase.dll
0x00007ffb19f40000 - 0x00007ffb1a018000 	C:\Windows\System32\OLEAUT32.dll
0x00007ffae5120000 - 0x00007ffae515b000 	C:\Windows\SYSTEM32\dbgcore.DLL
0x00007ffb18310000 - 0x00007ffb183b5000 	C:\Windows\System32\bcryptPrimitives.dll
0x00007ffaf4070000 - 0x00007ffaf40ad000 	C:\Users\nasji\Downloads\spring-tools-for-eclipse-5.0.1.RELEASE-e4.38.0-win32.win32.x86_64\sts-5.0.1.RELEASE\plugins\org.eclipse.justj.openjdk.hotspot.jre.full.win32.x86_64_25.0.1.v20251108-1451\jre\bin\jdwp.dll
0x00007ffb059b0000 - 0x00007ffb059bf000 	C:\Users\nasji\Downloads\spring-tools-for-eclipse-5.0.1.RELEASE-e4.38.0-win32.win32.x86_64\sts-5.0.1.RELEASE\plugins\org.eclipse.justj.openjdk.hotspot.jre.full.win32.x86_64_25.0.1.v20251108-1451\jre\bin\instrument.dll
0x00007ffaf8a00000 - 0x00007ffaf8a1e000 	C:\Users\nasji\Downloads\spring-tools-for-eclipse-5.0.1.RELEASE-e4.38.0-win32.win32.x86_64\sts-5.0.1.RELEASE\plugins\org.eclipse.justj.openjdk.hotspot.jre.full.win32.x86_64_25.0.1.v20251108-1451\jre\bin\java.dll
0x00007ffb1a480000 - 0x00007ffb1a617000 	C:\Windows\System32\ole32.dll
0x00007ffb18b70000 - 0x00007ffb192d7000 	C:\Windows\System32\SHELL32.dll
0x00007ffb17270000 - 0x00007ffb173da000 	C:\Windows\System32\wintypes.dll
0x00007ffb17810000 - 0x00007ffb18078000 	C:\Windows\System32\windows.storage.dll
0x00007ffb192e0000 - 0x00007ffb193d8000 	C:\Windows\System32\SHCORE.dll
0x00007ffb194f0000 - 0x00007ffb19556000 	C:\Windows\System32\shlwapi.dll
0x00007ffb16f50000 - 0x00007ffb16f79000 	C:\Windows\SYSTEM32\profapi.dll
0x00007ffaef6d0000 - 0x00007ffaef6e7000 	C:\Users\nasji\Downloads\spring-tools-for-eclipse-5.0.1.RELEASE-e4.38.0-win32.win32.x86_64\sts-5.0.1.RELEASE\plugins\org.eclipse.justj.openjdk.hotspot.jre.full.win32.x86_64_25.0.1.v20251108-1451\jre\bin\zip.dll
0x00007ffb11f50000 - 0x00007ffb11f5c000 	C:\Users\nasji\Downloads\spring-tools-for-eclipse-5.0.1.RELEASE-e4.38.0-win32.win32.x86_64\sts-5.0.1.RELEASE\plugins\org.eclipse.justj.openjdk.hotspot.jre.full.win32.x86_64_25.0.1.v20251108-1451\jre\bin\dt_socket.dll
0x00007ffb15780000 - 0x00007ffb157b2000 	C:\Windows\SYSTEM32\IPHLPAPI.DLL
0x00007ffb16330000 - 0x00007ffb1639c000 	C:\Windows\system32\mswsock.dll
0x00007ffb15810000 - 0x00007ffb15942000 	C:\Windows\SYSTEM32\DNSAPI.dll
0x00007ffb1a0f0000 - 0x00007ffb1a0fa000 	C:\Windows\System32\NSI.dll
0x00007ffb0eb90000 - 0x00007ffb0eb9b000 	C:\Windows\System32\rasadhlp.dll
0x00007ffb117d0000 - 0x00007ffb11856000 	C:\Windows\System32\fwpuclnt.dll
0x00007ffaebb30000 - 0x00007ffaebb41000 	C:\Users\nasji\Downloads\spring-tools-for-eclipse-5.0.1.RELEASE-e4.38.0-win32.win32.x86_64\sts-5.0.1.RELEASE\plugins\org.eclipse.justj.openjdk.hotspot.jre.full.win32.x86_64_25.0.1.v20251108-1451\jre\bin\net.dll
0x00007ffae0120000 - 0x00007ffae0136000 	C:\Users\nasji\Downloads\spring-tools-for-eclipse-5.0.1.RELEASE-e4.38.0-win32.win32.x86_64\sts-5.0.1.RELEASE\plugins\org.eclipse.justj.openjdk.hotspot.jre.full.win32.x86_64_25.0.1.v20251108-1451\jre\bin\nio.dll
0x00007ffb05970000 - 0x00007ffb05980000 	C:\Users\nasji\Downloads\spring-tools-for-eclipse-5.0.1.RELEASE-e4.38.0-win32.win32.x86_64\sts-5.0.1.RELEASE\plugins\org.eclipse.justj.openjdk.hotspot.jre.full.win32.x86_64_25.0.1.v20251108-1451\jre\bin\verify.dll
0x00007ffaf7e00000 - 0x00007ffaf7e09000 	C:\Users\nasji\Downloads\spring-tools-for-eclipse-5.0.1.RELEASE-e4.38.0-win32.win32.x86_64\sts-5.0.1.RELEASE\plugins\org.eclipse.justj.openjdk.hotspot.jre.full.win32.x86_64_25.0.1.v20251108-1451\jre\bin\extnet.dll

JVMTI agents:
jdwp path:C:\Users\nasji\Downloads\spring-tools-for-eclipse-5.0.1.RELEASE-e4.38.0-win32.win32.x86_64\sts-5.0.1.RELEASE\plugins\org.eclipse.justj.openjdk.hotspot.jre.full.win32.x86_64_25.0.1.v20251108-1451\jre\bin\jdwp.dll, loaded, initialized, options:transport=dt_socket,suspend=y,address=localhost:64321
C:\Users\nasji\Downloads\spring-tools-for-eclipse-5.0.1.RELEASE-e4.38.0-win32.win32.x86_64\sts-5.0.1.RELEASE\configuration\org.eclipse.osgi\280\0\.cp\lib\javaagent-shaded.jar path:C:\Users\nasji\Downloads\spring-tools-for-eclipse-5.0.1.RELEASE-e4.38.0-win32.win32.x86_64\sts-5.0.1.RELEASE\plugins\org.eclipse.justj.openjdk.hotspot.jre.full.win32.x86_64_25.0.1.v20251108-1451\jre\bin\instrument.dll, loaded, initialized, instrumentlib options:none

dbghelp: loaded successfully - version: 4.0.5 - missing functions: none
symbol engine: initialized successfully - sym options: 0x614 - pdb path: .;C:\Users\nasji\Downloads\spring-tools-for-eclipse-5.0.1.RELEASE-e4.38.0-win32.win32.x86_64\sts-5.0.1.RELEASE\plugins\org.eclipse.justj.openjdk.hotspot.jre.full.win32.x86_64_25.0.1.v20251108-1451\jre\bin;C:\Windows\SYSTEM32;C:\Windows\WinSxS\amd64_microsoft.windows.common-controls_6595b64144ccf1df_6.0.26100.8115_none_3e075c82e3354f9c;C:\Users\nasji\Downloads\spring-tools-for-eclipse-5.0.1.RELEASE-e4.38.0-win32.win32.x86_64\sts-5.0.1.RELEASE\plugins\org.eclipse.justj.openjdk.hotspot.jre.full.win32.x86_64_25.0.1.v20251108-1451\jre\bin\server

VM Arguments:
jvm_args: -XX:+ShowCodeDetailsInExceptionMessages -agentlib:jdwp=transport=dt_socket,suspend=y,address=localhost:64321 -ea -javaagent:C:\Users\nasji\Downloads\spring-tools-for-eclipse-5.0.1.RELEASE-e4.38.0-win32.win32.x86_64\sts-5.0.1.RELEASE\configuration\org.eclipse.osgi\280\0\.cp\lib\javaagent-shaded.jar -Dfile.encoding=UTF-8 -Dstdout.encoding=UTF-8 -Dstderr.encoding=UTF-8 
java_command: org.eclipse.jdt.internal.junit.runner.RemoteTestRunner -version 3 -port 64320 -testLoaderClass org.eclipse.jdt.internal.junit5.runner.JUnit5TestLoader -loaderpluginname org.eclipse.jdt.junit5.runtime -classNames com.example.clientservice.service.ClientIntegrationTest
java_class_path (initial): C:\projet-fode\MarrakechFood\client-service\target\test-classes;C:\projet-fode\MarrakechFood\client-service\target\classes;C:\Users\nasji\.m2\repository\org\springframework\boot\spring-boot-starter-web\3.2.5\spring-boot-starter-web-3.2.5.jar;C:\Users\nasji\.m2\repository\org\springframework\boot\spring-boot-starter\3.2.5\spring-boot-starter-3.2.5.jar;C:\Users\nasji\.m2\repository\org\springframework\boot\spring-boot\3.2.5\spring-boot-3.2.5.jar;C:\Users\nasji\.m2\repository\org\springframework\boot\spring-boot-autoconfigure\3.2.5\spring-boot-autoconfigure-3.2.5.jar;C:\Users\nasji\.m2\repository\org\springframework\boot\spring-boot-starter-logging\3.2.5\spring-boot-starter-logging-3.2.5.jar;C:\Users\nasji\.m2\repository\ch\qos\logback\logback-classic\1.4.14\logback-classic-1.4.14.jar;C:\Users\nasji\.m2\repository\ch\qos\logback\logback-core\1.4.14\logback-core-1.4.14.jar;C:\Users\nasji\.m2\repository\org\apache\logging\log4j\log4j-to-slf4j\2.21.1\log4j-to-slf4j-2.21.1.jar;C:\Users\nasji\.m2\repository\org\apache\logging\log4j\log4j-api\2.21.1\log4j-api-2.21.1.jar;C:\Users\nasji\.m2\repository\org\slf4j\jul-to-slf4j\2.0.13\jul-to-slf4j-2.0.13.jar;C:\Users\nasji\.m2\repository\jakarta\annotation\jakarta.annotation-api\2.1.1\jakarta.annotation-api-2.1.1.jar;C:\Users\nasji\.m2\repository\org\yaml\snakeyaml\2.2\snakeyaml-2.2.jar;C:\Users\nasji\.m2\repository\org\springframework\boot\spring-boot-starter-json\3.2.5\spring-boot-starter-json-3.2.5.jar;C:\Users\nasji\.m2\repository\com\fasterxml\jackson\core\jackson-databind\2.15.4\jackson-databind-2.15.4.jar;C:\Users\nasji\.m2\repository\com\fasterxml\jackson\core\jackson-annotations\2.15.4\jackson-annotations-2.15.4.jar;C:\Users\nasji\.m2\repository\com\fasterxml\jackson\core\jackson-core\2.15.4\jackson-core-2.15.4.jar;C:\Users\nasji\.m2\repository\com\fasterxml\jackson\datatype\jackson-datatype-jdk8\2.15.4\jackson-datatype-jdk8-2.15.4.jar;C:\Users\nasji\.m2\repository\com\fasterxml\jackson\datatype\jackson-datatype-jsr310\2.15.4\jackson-datatype-jsr310-2.15.4.jar;C:\Users\nasji\.m2\repository\com\fasterxml\jackson\module\jackson-module-parameter-names\2.15.4\jackson-module-parameter-names-2.15.4.jar;C:\Users\nasji\.m2\repository\org\springframework\boot\spring-boot-starter-tomcat\3.2.5\spring-boot-starter-tomcat-3.2.5.jar;C:\Users\nasji\.m2\repository\org\apache\tomcat\embed\tomcat-embed-core\10.1.20\tomcat-embed-core-10.1.20.jar;C:\Users\nasji\.m2\repository\org\apache\tomcat\embed\tomcat-embed-websocket\10.1.20\tomcat-embed-websocket-10.1.20.jar;C:\Users\nasji\.m2\repository\org\springframework\spring-web\6.1.6\spring-web-6.1.6.jar;C:\Users\nasji\.m2\repository\org\springframework\spring-beans\6.1.6\spring-beans-6.1.6.jar;C:\Users\nasji\.m2\repository\io\micrometer\micrometer-observation\1.12.5\micrometer-observation-1.12.5.jar;C:\Users\nasji\.m2\repository\io\micrometer\micrometer-commons\1.12.5\micrometer-commons-1.12.5.jar;C:\Users\nasji\.m2\repository\org\springframework\spring-webmvc\6.1.6\spring-webmvc-6.1.6.jar;C:\Users\nasji\.m2\repository\org\springframework\spring-aop\6.1.6\spring-aop-6.1.6.jar;C:\Users\nasji\.m2\repository\org\springframework\spring-context\6.1.6\spring-context-6.1.6.jar;C:\Users\nasji\.m2\repository\org\springframework\spring-expression\6.1.6\spring-expression-6.1.6.jar;C:\Users\nasji\.m2\repository\org\springframework\boot\spring-boot-starter-data-jpa\3.2.5\spring-boot-starter-data-jpa-3.2.5.jar;C:\Users\nasji\.m2\repository\org\springframework\boot\spring-boot-starter-aop\3.2.5\spring-boot-starter-aop-3.2.5.jar;C:\Users\nasji\.m2\repository\org\aspectj\aspectjweaver\1.9.22\aspectjweaver-1.9.22.jar;C:\Users\nasji\.m2\repository\org\springframework\boot\spring-boot-starter-jdbc\3.2.5\spring-boot-starter-jdbc-3.2.5.jar;C:\Users\nasji\.m2\repository\com\zaxxer\HikariCP\5.0.1\HikariCP-5.0.1.jar;C:\Users\nasji\.m2\repository\org\springframework\spring-jdbc\6.1.6\spring-jdbc-6.1.6.jar;C:\Users\nasji\.m2\repository\org\hibernate\orm\hibernate-core\6.4.4.Final\hibernate-core-6.4.4.Final.jar;C:\Users\nasji\.m2\repository\jakarta\persistence\jakarta.persistence-api\3.1.0\jakarta.persistence-api-3.1.0.jar;C:\Users\nasji\.m2\repository\jakarta\transaction\jakarta.transaction-api\2.0.1\jakarta.transaction-api-2.0.1.jar;C:\Users\nasji\.m2\repository\org\jboss\logging\jboss-logging\3.5.3.Final\jboss-logging-3.5.3.Final.jar;C:\Users\nasji\.m2\repository\org\hibernate\common\hibernate-commons-annotations\6.0.6.Final\hibernate-commons-annotations-6.0.6.Final.jar;C:\Users\nasji\.m2\repository\io\smallrye\jandex\3.1.2\jandex-3.1.2.jar;C:\Users\nasji\.m2\repository\com\fasterxml\classmate\1.6.0\classmate-1.6.0.jar;C:\Users\nasji\.m2\repository\org\glassfish\jaxb\jaxb-runtime\4.0.5\jaxb-runtime-4.0.5.jar;C:\Users\nasji\.m2\repository\org\glassfish\jaxb\jaxb-core\4.0.5\jaxb-core-4.0.5.jar;C:\Users\nasji\.m2\repository\org\eclipse\angus\angus-activation\2.0.2\angus-activation-2.0.2.jar;C:\Users\nasji\.m2\repository\org\glassfish\jaxb\txw2\4.0.5\txw2-4.0.5.jar;C:\Users\nasji\.m2\repository\com\sun\istack\istack-commons-runtime\4.1.2\istack-commons-runtime-4.1.2.jar;C:\Users\nasji\.m2\repository\jakarta\inject\jakarta.inject-api\2.0.1\jakarta.inject-api-2.0.1.jar;C:\Users\nasji\.m2\repository\org\antlr\antlr4-runtime\4.13.0\antlr4-runtime-4.13.0.jar;C:\Users\nasji\.m2\repository\org\springframework\data\spring-data-jpa\3.2.5\spring-data-jpa-3.2.5.jar;C:\Users\nasji\.m2\repository\org\springframework\data\spring-data-commons\3.2.5\spring-data-commons-3.2.5.jar;C:\Users\nasji\.m2\repository\org\springframework\spring-orm\6.1.6\spring-orm-6.1.6.jar;C:\Users\nasji\.m2\repository\org\springframework\spring-tx\6.1.6\spring-tx-6.1.6.jar;C:\Users\nasji\.m2\repository\org\slf4j\slf4j-api\2.0.13\slf4j-api-2.0.13.jar;C:\Users\nasji\.m2\repository\org\springframework\spring-aspects\6.1.6\spring-aspects-6.1.6.jar;C:\Users\nasji\.m2\repository\org\springframework\boot\spring-boot-starter-validation\3.2.5\spring-boot-starter-validation-3.2.5.jar;C:\Users\nasji\.m2\repository\org\apache\tomcat\embed\tomcat-embed-el\10.1.20\tomcat-embed-el-10.1.20.jar;C:\Users\nasji\.m2\repository\org\hibernate\validator\hibernate-validator\8.0.1.Final\hibernate-validator-8.0.1.Final.jar;C:\Users\nasji\.m2\repository\jakarta\validation\jakarta.validation-api\3.0.2\jakarta.validation-api-3.0.2.jar;C:\Users\nasji\.m2\repository\org\springframework\boot\spring-boot-starter-test\3.2.5\spring-boot-starter-test-3.2.5.jar;C:\Users\nasji\.m2\repository\org\springframework\boot\spring-boot-test\3.2.5\spring-boot-test-3.2.5.jar;C:\Users\nasji\.m2\repository\org\springframework\boot\spring-boot-test-autoconfigure\3.2.5\spring-boot-test-autoconfigure-3.2.5.jar;C:\Users\nasji\.m2\repository\com\jayway\jsonpath\json-path\2.9.0\json-path-2.9.0.jar;C:\Users\nasji\.m2\repository\jakarta\xml\bind\jakarta.xml.bind-api\4.0.2\jakarta.xml.bind-api-4.0.2.jar;C:\Users\nasji\.m2\repository\jakarta\activation\jakarta.activation-api\2.1.3\jakarta.activation-api-2.1.3.jar;C:\Users\nasji\.m2\repository\net\minidev\json-smart\2.5.1\json-smart-2.5.1.jar;C:\Users\nasji\.m2\repository\net\minidev\accessors-smart\2.5.1\accessors-smart-2.5.1.jar;C:\Users\nasji\.m2\repository\org\ow2\asm\asm\9.6\asm-9.6.jar;C:\Users\nasji\.m2\repository\org\assertj\assertj-core\3.24.2\assertj-core-3.24.2.jar;C:\Users\nasji\.m2\repository\org\awaitility\awaitility\4.2.1\awaitility-4.2.1.jar;C:\Users\nasji\.m2\repository\org\hamcrest\hamcrest\2.2\hamcrest-2.2.jar;C:\Users\nasji\.m2\repository\org\junit\jupiter\junit-jupiter\5.10.2\junit-jupiter-5.10.2.jar;C:\Users\nasji\.m2\repository\org\junit\jupiter\junit-jupiter-api\5.10.2\junit-jupiter-api-5.10.2.jar;C:\Users\nasji\.m2\repository\org\opentest4j\opentest4j\1.3.0\opentest4j-1.3.0.jar;C:\Users\nasji\.m2\repository\org\junit\platform\junit-platform-commons\1.10.2\junit-platform-commons-1.10.2.jar;C:\Users\nasji\.m2\repository\org\apiguardian\apiguardian-api\1.1.2\apiguardian-api-1.1.2.jar;C:\Users\nasji\.m2\repository\org\junit\jupiter\junit-jupiter-params\5.10.2\junit-jupiter-params-5.10.2.jar;C:\Users\nasji\.m2\repository\org\junit\jupiter\junit-jupiter-engine\5.10.2\junit-jupiter-engine-5.10.2.jar;C:\Users\nasji\.m2\repository\org\junit\platform\junit-platform-engine\1.10.2\junit-platform-engine-1.10.2.jar;C:\Users\nasji\.m2\repository\org\mockito\mockito-junit-jupiter\5.7.0\mockito-junit-jupiter-5.7.0.jar;C:\Users\nasji\.m2\repository\org\skyscreamer\jsonassert\1.5.1\jsonassert-1.5.1.jar;C:\Users\nasji\.m2\repository\com\vaadin\external\google\android-json\0.0.20131108.vaadin1\android-json-0.0.20131108.vaadin1.jar;C:\Users\nasji\.m2\repository\org\springframework\spring-core\6.1.6\spring-core-6.1.6.jar;C:\Users\nasji\.m2\repository\org\springframework\spring-jcl\6.1.6\spring-jcl-6.1.6.jar;C:\Users\nasji\.m2\repository\org\springframework\spring-test\6.1.6\spring-test-6.1.6.jar;C:\Users\nasji\.m2\repository\org\xmlunit\xmlunit-core\2.9.1\xmlunit-core-2.9.1.jar;C:\Users\nasji\.m2\repository\com\h2database\h2\2.2.224\h2-2.2.224.jar;C:\Users\nasji\.m2\repository\com\mysql\mysql-connector-j\8.3.0\mysql-connector-j-8.3.0.jar;C:\Users\nasji\.m2\repository\org\projectlombok\lombok\1.18.32\lombok-1.18.32.jar;C:\Users\nasji\.m2\repository\org\mockito\mockito-core\5.7.0\mockito-core-5.7.0.jar;C:\Users\nasji\.m2\repository\net\bytebuddy\byte-buddy\1.14.13\byte-buddy-1.14.13.jar;C:\Users\nasji\.m2\repository\net\bytebuddy\byte-buddy-agent\1.14.13\byte-buddy-agent-1.14.13.jar;C:\Users\nasji\.m2\repository\org\objenesis\objenesis\3.3\objenesis-3.3.jar;C:\Users\nasji\.m2\repository\com\google\zxing\core\3.5.3\core-3.5.3.jar;C:\Users\nasji\.m2\repository\com\google\zxing\javase\3.5.3\javase-3.5.3.jar;C:\Users\nasji\.m2\repository\com\beust\jcommander\1.82\jcommander-1.82.jar;C:\Users\nasji\.m2\repository\com\github\jai-imageio\jai-imageio-core\1.4.0\jai-imageio-core-1.4.0.jar;C:\Users\nasji\.m2\repository\org\junit\platform\junit-platform-launcher\1.10.2\junit-platform-launcher-1.10.2.jar;C:\Users\nasji\Downloads\spring-tools-for-eclipse-5.0.1.RELEASE-e4.38.0-win32.win32.x86_64\sts-5.0.1.RELEASE\configuration\org.eclipse.osgi\278\0\.cp;C:\Users\nasji\Downloads\spring-tools-for-eclipse-5.0.1.RELEASE-e4.38.0-win32.win32.x86_64\sts-5.0.1.RELEASE\configuration\org.eclipse.osgi\276\0\.cp
Launcher Type: SUN_STANDARD

[Global flags]
     intx CICompilerCount                          = 4                                         {product} {ergonomic}
     uint ConcGCThreads                            = 3                                         {product} {ergonomic}
     uint G1ConcRefinementThreads                  = 10                                        {product} {ergonomic}
   size_t G1HeapRegionSize                         = 2097152                                   {product} {ergonomic}
   size_t InitialHeapSize                          = 262144000                                 {product} {ergonomic}
   size_t MarkStackSize                            = 4194304                                   {product} {ergonomic}
   size_t MarkStackSizeMax                         = 536870912                                 {product} {ergonomic}
   size_t MaxHeapSize                              = 4194304000                                {product} {ergonomic}
   size_t MaxNewSize                               = 2516582400                                {product} {ergonomic}
   size_t MinHeapDeltaBytes                        = 2097152                                   {product} {ergonomic}
   size_t MinHeapSize                              = 8388608                                   {product} {ergonomic}
    uintx NonNMethodCodeHeapSize                   = 5832704                                {pd product} {ergonomic}
    uintx NonProfiledCodeHeapSize                  = 122945536                              {pd product} {ergonomic}
    uintx ProfiledCodeHeapSize                     = 122880000                              {pd product} {ergonomic}
    uintx ReservedCodeCacheSize                    = 251658240                              {pd product} {ergonomic}
     bool SegmentedCodeCache                       = true                                      {product} {ergonomic}
     bool ShowCodeDetailsInExceptionMessages       = true                                   {manageable} {command line}
   size_t SoftMaxHeapSize                          = 4194304000                             {manageable} {ergonomic}
     bool UseCompressedOops                        = true                           {product lp64_product} {ergonomic}
     bool UseG1GC                                  = true                                      {product} {ergonomic}
     bool UseLargePagesIndividualAllocation        = false                                  {pd product} {ergonomic}

Logging:
Log output configuration:
 #0: stdout all=warning uptime,level,tags foldmultilines=false
 #1: stderr all=off uptime,level,tags foldmultilines=false

Release file:
JAVA_VERSION="25.0.1" 
MODULES="java.base java.compiler java.datatransfer java.xml java.prefs java.desktop java.instrument java.logging java.management java.security.sasl java.naming java.rmi java.management.rmi java.net.http java.scripting java.security.jgss java.transaction.xa java.sql java.sql.rowset java.xml.crypto java.se java.smartcardio jdk.accessibility jdk.internal.jvmstat jdk.attach jdk.charsets jdk.internal.opt jdk.zipfs jdk.compiler jdk.crypto.cryptoki jdk.crypto.ec jdk.crypto.mscapi jdk.dynalink jdk.internal.ed jdk.editpad jdk.internal.vm.ci jdk.graal.compiler jdk.graal.compiler.management jdk.hotspot.agent jdk.httpserver jdk.internal.le jdk.internal.md jdk.jartool jdk.javadoc jdk.jcmd jdk.management jdk.management.agent jdk.jconsole jdk.jdeps jdk.jdwp.agent jdk.jdi jdk.jfr jdk.jshell jdk.jsobject jdk.jstatd jdk.localedata jdk.management.jfr jdk.naming.dns jdk.naming.rmi jdk.net jdk.nio.mapmode jdk.sctp jdk.security.auth jdk.security.jgss jdk.unsupported jdk.unsupported.desktop jdk.xml.dom" 

Environment Variables:
PATH=C:\Users\nasji\Downloads\spring-tools-for-eclipse-5.0.1.RELEASE-e4.38.0-win32.win32.x86_64\sts-5.0.1.RELEASE\plugins\org.eclipse.justj.openjdk.hotspot.jre.full.win32.x86_64_25.0.1.v20251108-1451\jre\bin;C:/Users/nasji/Downloads/spring-tools-for-eclipse-5.0.1.RELEASE-e4.38.0-win32.win32.x86_64/sts-5.0.1.RELEASE//plugins/org.eclipse.justj.openjdk.hotspot.jre.full.win32.x86_64_25.0.1.v20251108-1451/jre/bin/server;C:/Users/nasji/Downloads/spring-tools-for-eclipse-5.0.1.RELEASE-e4.38.0-win32.win32.x86_64/sts-5.0.1.RELEASE//plugins/org.eclipse.justj.openjdk.hotspot.jre.full.win32.x86_64_25.0.1.v20251108-1451/jre/bin;C:\oraclexe\app\oracle\product\11.2.0\server\bin;C:\Program Files\Common Files\Oracle\Java\javapath;C:\Windows\system32;C:\Windows;C:\Windows\System32\Wbem;C:\Windows\System32\WindowsPowerShell\v1.0\;C:\Windows\System32\OpenSSH\;C:\Program Files (x86)\Windows Kits\10\Windows Performance Toolkit\;C:\Program Files\MySQL\MySQL Shell 8.0\bin\;C:\Users\nasji\AppData\Local\Microsoft\WindowsApps;C:\Users\nasji\AppData\Local\Programs\Microsoft VS Code\bin;C:\xampp\php;C:\ProgramData\ComposerSetup\bin;C:\Program Files\nodejs\;C:\Users\nasji\AppData\Local\Programs\Python\Python314;C:\Users\nasji\AppData\Local\Programs\Python\Python314\Scripts;C:\Program Files\Git\cmd;C:\Users\nasji\AppData\Local\Programs\Python\Python314\Scripts\;C:\Users\nasji\AppData\Local\Programs\Python\Python314\;C:\Users\nasji\AppData\Local\Programs\Python\Launcher\;C:\Program Files\MySQL\MySQL Shell 8.0\bin\;C:\Users\nasji\AppData\Local\Microsoft\WindowsApps;C:\Users\nasji\AppData\Local\Programs\Microsoft VS Code\bin;C:\Users\nasji\AppData\Roaming\Composer\vendor\bin;C:\Users\nasji\AppData\Roaming\npm;C:\Users\nasji\Downloads\spring-tools-for-eclipse-5.0.1.RELEASE-e4.38.0-win32.win32.x86_64\sts-5.0.1.RELEASE;
USERNAME=nasji
OS=Windows_NT
PROCESSOR_IDENTIFIER=Intel64 Family 6 Model 186 Stepping 3, GenuineIntel
TMP=C:\Users\nasji\AppData\Local\Temp
TEMP=C:\Users\nasji\AppData\Local\Temp




Compilation memory statistics disabled.

Periodic native trim disabled

---------------  S Y S T E M  ---------------

OS:
 Windows 11 , 64 bit Build 26100 (10.0.26100.8246)
OS uptime: 18 days 2:46 hours
Hyper-V role detected

CPU: total 12 (initial active 12) (6 cores per cpu, 2 threads per core) family 6 model 186 stepping 3 microcode 0x4121, cx8, cmov, fxsr, ht, mmx, 3dnowpref, sse, sse2, sse3, ssse3, sse4.1, sse4.2, popcnt, lzcnt, tsc, tscinvbit, avx, avx2, aes, erms, clmul, bmi1, bmi2, adx, sha, fma, vzeroupper, clflush, clflushopt, clwb, hv, serialize, rdtscp, rdpid, fsrm, gfni, f16c, cet_ibt, cet_ss
Processor Information for processor 0
  Max Mhz: 1400, Current Mhz: 1400, Mhz Limit: 1400
Processor Information for processor 1
  Max Mhz: 1400, Current Mhz: 1400, Mhz Limit: 1400
Processor Information for processor 2
  Max Mhz: 1400, Current Mhz: 1400, Mhz Limit: 1400
Processor Information for processor 3
  Max Mhz: 1400, Current Mhz: 1400, Mhz Limit: 1400
Processor Information for processor 4
  Max Mhz: 1400, Current Mhz: 900, Mhz Limit: 896
Processor Information for processor 5
  Max Mhz: 1400, Current Mhz: 900, Mhz Limit: 896
Processor Information for processor 6
  Max Mhz: 1400, Current Mhz: 900, Mhz Limit: 896
Processor Information for processor 7
  Max Mhz: 1400, Current Mhz: 900, Mhz Limit: 896
Processor Information for processor 8
  Max Mhz: 1400, Current Mhz: 900, Mhz Limit: 896
Processor Information for processor 9
  Max Mhz: 1400, Current Mhz: 900, Mhz Limit: 896
Processor Information for processor 10
  Max Mhz: 1400, Current Mhz: 900, Mhz Limit: 896
Processor Information for processor 11
  Max Mhz: 1400, Current Mhz: 900, Mhz Limit: 896

Memory: 4k page, system-wide physical 15999M (2474M free)
TotalPageFile size 24670M (AvailPageFile size 7238M)
current process WorkingSet (physical memory assigned to process): 130M, peak: 188M
current process commit charge ("private bytes"): 371M, peak: 434M

vm_info: OpenJDK 64-Bit Server VM (25.0.1+8-LTS) for windows-amd64 JRE (25.0.1+8-LTS), built on 2025-10-21T00:00:00Z with unknown MS VC++:1942

END.
